Log file open, 05/22/19 09:15:19
LogWindows: Failed to load 'aqProf.dll' (GetLastError=126)
LogWindows: File 'aqProf.dll' does not exist
LogWindows: Failed to load 'VtuneApi.dll' (GetLastError=126)
LogWindows: File 'VtuneApi.dll' does not exist
LogWindows: Failed to load 'VtuneApi32e.dll' (GetLastError=126)
LogWindows: File 'VtuneApi32e.dll' does not exist
LogConsoleResponse: Display: Failed to find resolution value strings in scalability ini. Falling back to default.
LogInit: Display: Running engine for game: ProceGen
LogPakFile: Registered encryption key '00000000000000000000000000000000': 0 pak files mounted, 0 remain pending
LogPlatformFile: Not using cached read wrapper
LogTaskGraph: Started task graph with 5 named threads and 23 total threads with 3 sets of task threads.
LogStats: Stats thread started at 0.324060
LogD3D11RHI: Loaded GFSDK_Aftermath_Lib.x64.dll
LogICUInternationalization: ICU TimeZone Detection - Raw Offset: -7:00, Platform Override: ''
LogPluginManager: Mounting plugin Paper2D
LogPluginManager: Mounting plugin AISupport
LogPluginManager: Mounting plugin LightPropagationVolume
LogPluginManager: Mounting plugin ActorLayerUtilities
LogPluginManager: Mounting plugin AnimationSharing
LogPluginManager: Mounting plugin CLionSourceCodeAccess
LogPluginManager: Mounting plugin CodeLiteSourceCodeAccess
LogPluginManager: Mounting plugin GitSourceControl
LogPluginManager: Mounting plugin KDevelopSourceCodeAccess
LogPluginManager: Mounting plugin NullSourceCodeAccess
LogPluginManager: Mounting plugin PerforceSourceControl
LogPluginManager: Mounting plugin SubversionSourceControl
LogPluginManager: Mounting plugin UObjectPlugin
LogPluginManager: Mounting plugin VisualStudioCodeSourceCodeAccess
LogPluginManager: Mounting plugin VisualStudioSourceCodeAccess
LogPluginManager: Mounting plugin XCodeSourceCodeAccess
LogPluginManager: Mounting plugin AssetManagerEditor
LogPluginManager: Mounting plugin CryptoKeys
LogPluginManager: Mounting plugin DataValidation
LogPluginManager: Mounting plugin FacialAnimation
LogPluginManager: Mounting plugin GameplayTagsEditor
LogPluginManager: Mounting plugin MacGraphicsSwitching
LogPluginManager: Mounting plugin MaterialAnalyzer
LogPluginManager: Mounting plugin MobileLauncherProfileWizard
LogPluginManager: Mounting plugin PluginBrowser
LogPluginManager: Mounting plugin SpeedTreeImporter
LogPluginManager: Mounting plugin DatasmithContent
LogPluginManager: Mounting plugin VariantManagerContent
LogPluginManager: Mounting plugin AlembicImporter
LogPluginManager: Mounting plugin AppleImageUtils
LogPluginManager: Mounting plugin AppleVision
LogPluginManager: Mounting plugin BackChannel
LogPluginManager: Mounting plugin CharacterAI
LogPluginManager: Mounting plugin GeometryCache
LogPluginManager: Mounting plugin HTML5Networking
LogPluginManager: Mounting plugin ProxyLODPlugin
LogPluginManager: Mounting plugin SkeletalReduction
LogPluginManager: Mounting plugin MagicLeap
LogPluginManager: Mounting plugin MagicLeapMedia
LogPluginManager: Mounting plugin AndroidMedia
LogPluginManager: Mounting plugin AvfMedia
LogPluginManager: Mounting plugin ImgMedia
LogPluginManager: Mounting plugin LinearTimecode
LogPluginManager: Mounting plugin MediaCompositing
LogPluginManager: Mounting plugin MediaPlayerEditor
LogPluginManager: Mounting plugin WebMMedia
LogPluginManager: Mounting plugin WmfMedia
LogPluginManager: Mounting plugin TcpMessaging
LogPluginManager: Mounting plugin UdpMessaging
LogPluginManager: Mounting plugin ActorSequence
LogPluginManager: Mounting plugin LevelSequenceEditor
LogPluginManager: Mounting plugin MatineeToLevelSequence
LogPluginManager: Mounting plugin NetcodeUnitTest
LogPluginManager: Mounting plugin NUTUnrealEngine4
LogPluginManager: Mounting plugin OnlineSubsystemGooglePlay
LogPluginManager: Mounting plugin OnlineSubsystemIOS
LogPluginManager: Mounting plugin OnlineSubsystem
LogPluginManager: Mounting plugin OnlineSubsystemNull
LogPluginManager: Mounting plugin OnlineSubsystemUtils
LogPluginManager: Mounting plugin LauncherChunkInstaller
LogPluginManager: Mounting plugin AndroidDeviceProfileSelector
LogPluginManager: Mounting plugin AndroidMoviePlayer
LogPluginManager: Mounting plugin AndroidPermission
LogPluginManager: Mounting plugin AppleMoviePlayer
LogPluginManager: Mounting plugin ArchVisCharacter
LogPluginManager: Mounting plugin AudioCapture
LogPluginManager: Mounting plugin CableComponent
LogPluginManager: Mounting plugin CustomMeshComponent
LogPluginManager: Mounting plugin EditableMesh
LogPluginManager: Mounting plugin ExampleDeviceProfileSelector
LogPluginManager: Mounting plugin Firebase
LogPluginManager: Mounting plugin GoogleCloudMessaging
LogPluginManager: Mounting plugin IOSDeviceProfileSelector
LogPluginManager: Mounting plugin LinuxDeviceProfileSelector
LogPluginManager: Mounting plugin LocationServicesBPLibrary
LogPluginManager: Mounting plugin MobilePatchingUtils
LogPluginManager: Mounting plugin OculusVR
LogPluginManager: Mounting plugin PhysXVehicles
LogPluginManager: Mounting plugin ProceduralMeshComponent
LogPluginManager: Mounting plugin RuntimePhysXCooking
LogPluginManager: Mounting plugin SignificanceManager
LogPluginManager: Mounting plugin SteamVR
LogPluginManager: Mounting plugin WebMMoviePlayer
LogPluginManager: Mounting plugin WindowsMoviePlayer
LogInit: Warning: Incompatible or missing module: ProceGen
Running C:/Program Files/Epic Games/UE_4.22/Engine/Binaries/DotNET/UnrealBuildTool.exe Development Win64 -Project="C:/Users/u1218984/Documents/GitHub/ProcedualGenerator/ProceGen/ProceGen.uproject" -TargetType=Editor -Progress -NoHotReloadFromIDE
Using 'git status' to determine working set for adaptive non-unity build (C:\Users\u1218984\Documents\GitHub\ProcedualGenerator).
Creating makefile for ProceGenEditor (no existing makefile)
@progress push 5%
Parsing headers for ProceGenEditor
  Running UnrealHeaderTool "C:\Users\u1218984\Documents\GitHub\ProcedualGenerator\ProceGen\ProceGen.uproject" "C:\Users\u1218984\Documents\GitHub\ProcedualGenerator\ProceGen\Intermediate\Build\Win64\ProceGenEditor\Development\ProceGenEditor.uhtmanifest" -LogCmds="loginit warning, logexit warning, logdatabase error" -Unattended -WarningsAsErrors -installed
Reflection code generated for ProceGenEditor in 12.934231 seconds
@progress pop
Using Visual Studio 2017 14.16.27023 toolchain (C:\Program Files (x86)\Microsoft Visual Studio\2017\Enterprise\VC\Tools\MSVC\14.16.27023) and Windows 10.0.16299.0 SDK (C:\Program Files (x86)\Windows Kits\10).
Building 20 actions with 8 processes...
  @progress 'Compiling C++ source code...' 0%
  @progress 'Compiling C++ source code...' 5%
  [1/20] SharedPCH.Engine.cpp
  @progress 'Compiling C++ source code...' 10%
  [2/20] E.cpp
  c:\users\u1218984\documents\github\procedualgenerator\procegen\source\procegen\E.h(14): error C2969: syntax error: ';': expected member function definition to end with '}'
  c:\users\u1218984\documents\github\procedualgenerator\procegen\source\procegen\V.h(11): error C2059: syntax error: '<class-head>'
  c:\users\u1218984\documents\github\procedualgenerator\procegen\source\procegen\V.h(11): error C2630: ';' found in what should be a comma-separated list
  c:\users\u1218984\documents\github\procedualgenerator\procegen\source\procegen\V.h(12): error C2059: syntax error: 'public'
  c:\users\u1218984\documents\github\procedualgenerator\procegen\source\procegen\V.h(14): error C2144: syntax error: 'float' should be preceded by ')'
  c:\users\u1218984\documents\github\procedualgenerator\procegen\source\procegen\V.h(14): error C2027: use of undefined type 'V'
  c:\users\u1218984\documents\github\procedualgenerator\procegen\source\procegen\E.h(14): note: see declaration of 'V'
  c:\users\u1218984\documents\github\procedualgenerator\procegen\source\procegen\V.h(14): error C2144: syntax error: 'float' should be preceded by ';'
  c:\users\u1218984\documents\github\procedualgenerator\procegen\source\procegen\V.h(14): error C2062: type 'float' unexpected
  c:\users\u1218984\documents\github\procedualgenerator\procegen\source\procegen\V.h(14): error C2059: syntax error: ')'
  c:\users\u1218984\documents\github\procedualgenerator\procegen\source\procegen\V.h(14): error C2143: syntax error: missing ';' before '{'
  c:\users\u1218984\documents\github\procedualgenerator\procegen\source\procegen\V.h(15): error C2027: use of undefined type 'V'
  c:\users\u1218984\documents\github\procedualgenerator\procegen\source\procegen\E.h(14): note: see declaration of 'V'
  c:\users\u1218984\documents\github\procedualgenerator\procegen\source\procegen\V.h(19): error C2059: syntax error: 'private'
  C:\Users\u1218984\Documents\GitHub\ProcedualGenerator\ProceGen\Source\ProceGen\E.cpp(11): error C2084: function 'E::E(V *,V *)' already has a body
  c:\users\u1218984\documents\github\procedualgenerator\procegen\source\procegen\E.h(14): note: see previous definition of '{ctor}'
  C:\Users\u1218984\Documents\GitHub\ProcedualGenerator\ProceGen\Source\ProceGen\E.cpp(13): error C2027: use of undefined type 'V'
  c:\users\u1218984\documents\github\procedualgenerator\procegen\source\procegen\E.h(14): note: see declaration of 'V'
  C:\Users\u1218984\Documents\GitHub\ProcedualGenerator\ProceGen\Source\ProceGen\E.cpp(14): error C2027: use of undefined type 'V'
  c:\users\u1218984\documents\github\procedualgenerator\procegen\source\procegen\E.h(14): note: see declaration of 'V'
  @progress 'Compiling C++ source code...' 15%
  [3/20] F.cpp
  c:\users\u1218984\documents\github\procedualgenerator\procegen\source\procegen\E.h(14): error C2969: syntax error: ';': expected member function definition to end with '}'
  C:\Users\u1218984\Documents\GitHub\ProcedualGenerator\ProceGen\Source\ProceGen\F.cpp(7): error C2630: ';' found in what should be a comma-separated list
  C:\Users\u1218984\Documents\GitHub\ProcedualGenerator\ProceGen\Source\ProceGen\F.cpp(8): error C2436: '{ctor}': member function or nested class in constructor initializer list
  @progress 'Compiling C++ source code...' 20%
  [4/20] ProceGen.cpp
  @progress 'Compiling C++ source code...' 25%
  [5/20] MyGraph.cpp
  C:\Program Files\Epic Games\UE_4.22\Engine\Source\Runtime\Core\Public\Templates/Sorting.h(38): error C2664: 'bool MyGraph::CreateBoundaryFaces::<lambda_612c861bcbabbc4a0ac74125a761b3b3>::operator ()(const ARoomBase *,const ARoomBase *) const': cannot convert argument 1 from 'T' to 'const ARoomBase *'
          with
          [
              T=ARoomBase
          ]
  C:\Program Files\Epic Games\UE_4.22\Engine\Source\Runtime\Core\Public\Templates/Sorting.h(38): note: No user-defined-conversion operator available that can perform this conversion, or the operator cannot be called
  C:\Program Files\Epic Games\UE_4.22\Engine\Source\Runtime\Core\Public\Templates/Sorting.h(37): note: while compiling class template member function 'bool TDereferenceWrapper<T *,PREDICATE_CLASS>::operator ()(T *,T *) const'
          with
          [
              T=ARoomBase,
              PREDICATE_CLASS=MyGraph::CreateBoundaryFaces::<lambda_612c861bcbabbc4a0ac74125a761b3b3>
          ]
  C:\Program Files\Epic Games\UE_4.22\Engine\Source\Runtime\Core\Public\Algo/IntroSort.h(63): note: see reference to function template instantiation 'bool TDereferenceWrapper<T *,PREDICATE_CLASS>::operator ()(T *,T *) const' being compiled
          with
          [
              T=ARoomBase,
              PREDICATE_CLASS=MyGraph::CreateBoundaryFaces::<lambda_612c861bcbabbc4a0ac74125a761b3b3>
          ]
  C:\Program Files\Epic Games\UE_4.22\Engine\Source\Runtime\Core\Public\Templates/Sorting.h(94): note: see reference to class template instantiation 'TDereferenceWrapper<T *,PREDICATE_CLASS>' being compiled
          with
          [
              T=ARoomBase,
              PREDICATE_CLASS=MyGraph::CreateBoundaryFaces::<lambda_612c861bcbabbc4a0ac74125a761b3b3>
          ]
  C:\Program Files\Epic Games\UE_4.22\Engine\Source\Runtime\Core\Public\Containers/Array.h(2401): note: see reference to function template instantiation 'void Sort<ARoomBase,PREDICATE_CLASS>(T **,const int32,const PREDICATE_CLASS &)' being compiled
          with
          [
              PREDICATE_CLASS=MyGraph::CreateBoundaryFaces::<lambda_612c861bcbabbc4a0ac74125a761b3b3>,
              T=ARoomBase
          ]
  C:\Users\u1218984\Documents\GitHub\ProcedualGenerator\ProceGen\Source\ProceGen\MyGraph.cpp(25): note: see reference to function template instantiation 'void TArray<ARoomBase *,FDefaultAllocator>::Sort<MyGraph::CreateBoundaryFaces::<lambda_612c861bcbabbc4a0ac74125a761b3b3>>(const PREDICATE_CLASS &)' being compiled
          with
          [
              PREDICATE_CLASS=MyGraph::CreateBoundaryFaces::<lambda_612c861bcbabbc4a0ac74125a761b3b3>
          ]
  C:\Users\u1218984\Documents\GitHub\ProcedualGenerator\ProceGen\Source\ProceGen\MyGraph.cpp(23): note: see reference to function template instantiation 'void TArray<ARoomBase *,FDefaultAllocator>::Sort<MyGraph::CreateBoundaryFaces::<lambda_612c861bcbabbc4a0ac74125a761b3b3>>(const PREDICATE_CLASS &)' being compiled
          with
          [
              PREDICATE_CLASS=MyGraph::CreateBoundaryFaces::<lambda_612c861bcbabbc4a0ac74125a761b3b3>
          ]
  @progress 'Compiling C++ source code...' 30%
  [6/20] MapGeneartor.cpp
  @progress 'Compiling C++ source code...' 35%
  [7/20] ProceGen.init.gen.cpp
  @progress 'Compiling C++ source code...' 40%
  [8/20] ProceGenGameMode.cpp
  @progress 'Compiling C++ source code...' 45%
  [9/20] MapGeneartor.gen.cpp
  @progress 'Compiling C++ source code...' 50%
  [10/20] ProceGenCharacter.cpp
  @progress 'Compiling C++ source code...' 55%
  [11/20] RoomBase.cpp
  @progress 'Compiling C++ source code...' 60%
  [12/20] V.cpp
  c:\users\u1218984\documents\github\procedualgenerator\procegen\source\procegen\E.h(14): error C2969: syntax error: ';': expected member function definition to end with '}'
  C:\Users\u1218984\Documents\GitHub\ProcedualGenerator\ProceGen\Source\ProceGen\V.cpp(6): error C2630: ';' found in what should be a comma-separated list
  C:\Users\u1218984\Documents\GitHub\ProcedualGenerator\ProceGen\Source\ProceGen\V.cpp(7): error C2436: '{ctor}': member function or nested class in constructor initializer list
  @progress 'Compiling C++ source code...' 65%
  [13/20] ProceGenCharacter.gen.cpp
  @progress 'Compiling C++ source code...' 70%
  [14/20] ProceGenPlayerController.gen.cpp
  @progress 'Compiling C++ source code...' 75%
  [15/20] ProceGenGameMode.gen.cpp
  @progress 'Compiling C++ source code...' 80%
  [16/20] RoomBase.gen.cpp
  @progress 'Compiling C++ source code...' 85%
  [17/20] ProceGenPlayerController.cpp
LogInit: Warning: Still incompatible or missing module: ProceGen
LogExit: Preparing to exit.
LogModuleManager: Shutting down and abandoning module DesktopPlatform (40)
LogModuleManager: Shutting down and abandoning module AnimationModifiers (38)
LogModuleManager: Shutting down and abandoning module PropertyEditor (37)
LogModuleManager: Shutting down and abandoning module AudioEditor (34)
LogModuleManager: Shutting down and abandoning module TextureCompressor (32)
LogModuleManager: Shutting down and abandoning module RenderCore (30)
LogModuleManager: Shutting down and abandoning module Landscape (28)
LogModuleManager: Shutting down and abandoning module SlateRHIRenderer (26)
LogModuleManager: Shutting down and abandoning module OpenGLDrv (24)
LogModuleManager: Shutting down and abandoning module D3D11RHI (22)
LogModuleManager: Shutting down and abandoning module AnimGraphRuntime (20)
LogModuleManager: Shutting down and abandoning module Renderer (18)
LogModuleManager: Shutting down and abandoning module Engine (16)
LogModuleManager: Shutting down and abandoning module CoreUObject (14)
LogModuleManager: Shutting down and abandoning module NetworkFile (12)
LogModuleManager: Shutting down and abandoning module CookedIterativeFile (10)
LogModuleManager: Shutting down and abandoning module StreamingFile (8)
LogModuleManager: Shutting down and abandoning module SandboxFile (6)
LogModuleManager: Shutting down and abandoning module PakFile (4)
LogModuleManager: Shutting down and abandoning module RSA (3)
LogExit: Exiting.
Log file closed, 05/22/19 09:16:02
