Log file open, 05/17/19 14:38:48
LogWindows: Failed to load 'aqProf.dll' (GetLastError=126)
LogWindows: File 'aqProf.dll' does not exist
LogWindows: Failed to load 'VtuneApi.dll' (GetLastError=126)
LogWindows: File 'VtuneApi.dll' does not exist
LogWindows: Failed to load 'VtuneApi32e.dll' (GetLastError=126)
LogWindows: File 'VtuneApi32e.dll' does not exist
LogConsoleResponse: Display: Failed to find resolution value strings in scalability ini. Falling back to default.
LogInit: Display: Running engine for game: ProceGen
LogPakFile: Registered encryption key '00000000000000000000000000000000': 0 pak files mounted, 0 remain pending
LogPlatformFile: Not using cached read wrapper
LogTaskGraph: Started task graph with 5 named threads and 23 total threads with 3 sets of task threads.
LogStats: Stats thread started at 0.299268
LogD3D11RHI: Loaded GFSDK_Aftermath_Lib.x64.dll
LogICUInternationalization: ICU TimeZone Detection - Raw Offset: -7:00, Platform Override: ''
LogPluginManager: Mounting plugin Paper2D
LogPluginManager: Mounting plugin AISupport
LogPluginManager: Mounting plugin LightPropagationVolume
LogPluginManager: Mounting plugin ActorLayerUtilities
LogPluginManager: Mounting plugin AnimationSharing
LogPluginManager: Mounting plugin CLionSourceCodeAccess
LogPluginManager: Mounting plugin CodeLiteSourceCodeAccess
LogPluginManager: Mounting plugin GitSourceControl
LogPluginManager: Mounting plugin KDevelopSourceCodeAccess
LogPluginManager: Mounting plugin NullSourceCodeAccess
LogPluginManager: Mounting plugin PerforceSourceControl
LogPluginManager: Mounting plugin SubversionSourceControl
LogPluginManager: Mounting plugin UObjectPlugin
LogPluginManager: Mounting plugin VisualStudioCodeSourceCodeAccess
LogPluginManager: Mounting plugin VisualStudioSourceCodeAccess
LogPluginManager: Mounting plugin XCodeSourceCodeAccess
LogPluginManager: Mounting plugin AssetManagerEditor
LogPluginManager: Mounting plugin CryptoKeys
LogPluginManager: Mounting plugin DataValidation
LogPluginManager: Mounting plugin FacialAnimation
LogPluginManager: Mounting plugin GameplayTagsEditor
LogPluginManager: Mounting plugin MacGraphicsSwitching
LogPluginManager: Mounting plugin MaterialAnalyzer
LogPluginManager: Mounting plugin MobileLauncherProfileWizard
LogPluginManager: Mounting plugin PluginBrowser
LogPluginManager: Mounting plugin SpeedTreeImporter
LogPluginManager: Mounting plugin DatasmithContent
LogPluginManager: Mounting plugin VariantManagerContent
LogPluginManager: Mounting plugin AlembicImporter
LogPluginManager: Mounting plugin AppleImageUtils
LogPluginManager: Mounting plugin AppleVision
LogPluginManager: Mounting plugin BackChannel
LogPluginManager: Mounting plugin CharacterAI
LogPluginManager: Mounting plugin GeometryCache
LogPluginManager: Mounting plugin HTML5Networking
LogPluginManager: Mounting plugin ProxyLODPlugin
LogPluginManager: Mounting plugin SkeletalReduction
LogPluginManager: Mounting plugin MagicLeap
LogPluginManager: Mounting plugin MagicLeapMedia
LogPluginManager: Mounting plugin AndroidMedia
LogPluginManager: Mounting plugin AvfMedia
LogPluginManager: Mounting plugin ImgMedia
LogPluginManager: Mounting plugin LinearTimecode
LogPluginManager: Mounting plugin MediaCompositing
LogPluginManager: Mounting plugin MediaPlayerEditor
LogPluginManager: Mounting plugin WebMMedia
LogPluginManager: Mounting plugin WmfMedia
LogPluginManager: Mounting plugin TcpMessaging
LogPluginManager: Mounting plugin UdpMessaging
LogPluginManager: Mounting plugin ActorSequence
LogPluginManager: Mounting plugin LevelSequenceEditor
LogPluginManager: Mounting plugin MatineeToLevelSequence
LogPluginManager: Mounting plugin NetcodeUnitTest
LogPluginManager: Mounting plugin NUTUnrealEngine4
LogPluginManager: Mounting plugin OnlineSubsystemGooglePlay
LogPluginManager: Mounting plugin OnlineSubsystemIOS
LogPluginManager: Mounting plugin OnlineSubsystem
LogPluginManager: Mounting plugin OnlineSubsystemNull
LogPluginManager: Mounting plugin OnlineSubsystemUtils
LogPluginManager: Mounting plugin LauncherChunkInstaller
LogPluginManager: Mounting plugin AndroidDeviceProfileSelector
LogPluginManager: Mounting plugin AndroidMoviePlayer
LogPluginManager: Mounting plugin AndroidPermission
LogPluginManager: Mounting plugin AppleMoviePlayer
LogPluginManager: Mounting plugin ArchVisCharacter
LogPluginManager: Mounting plugin AudioCapture
LogPluginManager: Mounting plugin CableComponent
LogPluginManager: Mounting plugin CustomMeshComponent
LogPluginManager: Mounting plugin EditableMesh
LogPluginManager: Mounting plugin ExampleDeviceProfileSelector
LogPluginManager: Mounting plugin Firebase
LogPluginManager: Mounting plugin GoogleCloudMessaging
LogPluginManager: Mounting plugin IOSDeviceProfileSelector
LogPluginManager: Mounting plugin LinuxDeviceProfileSelector
LogPluginManager: Mounting plugin LocationServicesBPLibrary
LogPluginManager: Mounting plugin MobilePatchingUtils
LogPluginManager: Mounting plugin OculusVR
LogPluginManager: Mounting plugin PhysXVehicles
LogPluginManager: Mounting plugin ProceduralMeshComponent
LogPluginManager: Mounting plugin RuntimePhysXCooking
LogPluginManager: Mounting plugin SignificanceManager
LogPluginManager: Mounting plugin SteamVR
LogPluginManager: Mounting plugin WebMMoviePlayer
LogPluginManager: Mounting plugin WindowsMoviePlayer
LogInit: Using libcurl 7.55.1-DEV
LogInit:  - built for x86_64-pc-win32
LogInit:  - supports SSL with OpenSSL/1.1.1
LogInit:  - supports HTTP deflate (compression) using libz 1.2.8
LogInit:  - other features:
LogInit:      CURL_VERSION_SSL
LogInit:      CURL_VERSION_LIBZ
LogInit:      CURL_VERSION_IPV6
LogInit:      CURL_VERSION_ASYNCHDNS
LogInit:      CURL_VERSION_LARGEFILE
LogInit:      CURL_VERSION_IDN
LogInit:  CurlRequestOptions (configurable via config and command line):
LogInit:  - bVerifyPeer = true  - Libcurl will verify peer certificate
LogInit:  - bUseHttpProxy = false  - Libcurl will NOT use HTTP proxy
LogInit:  - bDontReuseConnections = false  - Libcurl will reuse connections
LogInit:  - MaxHostConnections = 16  - Libcurl will limit the number of connections to a host
LogInit:  - LocalHostAddr = Default
LogInit:  - BufferSize = 65536
LogInit: WinSock: version 1.1 (2.2), MaxSocks=32767, MaxUdp=65467
LogInit: Build: ++UE4+Release-4.22-CL-6063286
LogInit: Engine Version: 4.22.1-6063286+++UE4+Release-4.22
LogInit: Compatible Engine Version: 4.22.0-5660361+++UE4+Release-4.22
LogInit: Net CL: 5660361
LogInit: OS: Windows 10 (Release 1803) (), CPU: Intel(R) Core(TM) i7-4790 CPU @ 3.60GHz, GPU: NVIDIA GeForce GTX 970
LogInit: Compiled (64-bit): Apr 24 2019 04:36:48
LogInit: Compiled with Visual C++: 19.16.27025.01
LogInit: Build Configuration: Development
LogInit: Branch Name: ++UE4+Release-4.22
LogInit: Command Line: 
LogInit: Base Directory: C:/Program Files/Epic Games/UE_4.22/Engine/Binaries/Win64/
LogInit: Installed Engine Build: 1
LogDevObjectVersion: Number of dev versions registered: 23
LogDevObjectVersion:   Dev-Blueprints (B0D832E4-1F89-4F0D-ACCF-7EB736FD4AA2): 10
LogDevObjectVersion:   Dev-Build (E1C64328-A22C-4D53-A36C-8E866417BD8C): 0
LogDevObjectVersion:   Dev-Core (375EC13C-06E4-48FB-B500-84F0262A717E): 3
LogDevObjectVersion:   Dev-Editor (E4B068ED-F494-42E9-A231-DA0B2E46BB41): 30
LogDevObjectVersion:   Dev-Framework (CFFC743F-43B0-4480-9391-14DF171D2073): 35
LogDevObjectVersion:   Dev-Mobile (B02B49B5-BB20-44E9-A304-32B752E40360): 2
LogDevObjectVersion:   Dev-Networking (A4E4105C-59A1-49B5-A7C5-40C4547EDFEE): 0
LogDevObjectVersion:   Dev-Online (39C831C9-5AE6-47DC-9A44-9C173E1C8E7C): 0
LogDevObjectVersion:   Dev-Physics (78F01B33-EBEA-4F98-B9B4-84EACCB95AA2): 0
LogDevObjectVersion:   Dev-Platform (6631380F-2D4D-43E0-8009-CF276956A95A): 0
LogDevObjectVersion:   Dev-Rendering (12F88B9F-8875-4AFC-A67C-D90C383ABD29): 28
LogDevObjectVersion:   Dev-Sequencer (7B5AE74C-D270-4C10-A958-57980B212A5A): 11
LogDevObjectVersion:   Dev-VR (D7296918-1DD6-4BDD-9DE2-64A83CC13884): 2
LogDevObjectVersion:   Dev-LoadTimes (C2A15278-BFE7-4AFE-6C17-90FF531DF755): 1
LogDevObjectVersion:   Private-Geometry (6EACA3D4-40EC-4CC1-B786-8BED09428FC5): 3
LogDevObjectVersion:   Dev-AnimPhys (29E575DD-E0A3-4627-9D10-D276232CDCEA): 17
LogDevObjectVersion:   Dev-Anim (AF43A65D-7FD3-4947-9873-3E8ED9C1BB05): 2
LogDevObjectVersion:   Dev-ReflectionCapture (6B266CEC-1EC7-4B8F-A30B-E4D90942FC07): 1
LogDevObjectVersion:   Dev-Automation (0DF73D61-A23F-47EA-B727-89E90C41499A): 1
LogDevObjectVersion:   FortniteMain (601D1886-AC64-4F84-AA16-D3DE0DEAC7D6): 25
LogDevObjectVersion:   Dev-Enterprise (9DFFBCD6-494F-0158-E221-12823C92A888): 6
LogDevObjectVersion:   Dev-Niagara (F2AED0AC-9AFE-416F-8664-AA7FFA26D6FC): 1
LogDevObjectVersion:   Dev-Destruction (174F1F0B-B4C6-45A5-B13F-2EE8D0FB917D): 2
LogInit: Presizing for max 16777216 objects, including 0 objects not considered by GC, pre-allocating 0 bytes for permanent pool.
LogInit: Object subsystem initialized
LogConfig: Setting CVar [[con.DebugEarlyDefault:1]]
LogConfig: Setting CVar [[r.setres:1280x720]]
[2019.05.17-20.38.48:820][  0]LogConfig: Setting CVar [[r.VSync:0]]
[2019.05.17-20.38.48:820][  0]LogConfig: Setting CVar [[r.RHICmdBypass:0]]
[2019.05.17-20.38.48:820][  0]LogConfig: Applying CVar settings from Section [/Script/Engine.RendererSettings] File [C:/Users/u1218984/Documents/Unreal Projects/ProceGen/Saved/Config/Windows/Engine.ini]
[2019.05.17-20.38.48:820][  0]LogConfig: Setting CVar [[r.GPUCrashDebugging:0]]
[2019.05.17-20.38.48:820][  0]LogConfig: Applying CVar settings from Section [/Script/Engine.RendererOverrideSettings] File [C:/Users/u1218984/Documents/Unreal Projects/ProceGen/Saved/Config/Windows/Engine.ini]
[2019.05.17-20.38.48:820][  0]LogConfig: Applying CVar settings from Section [/Script/Engine.StreamingSettings] File [C:/Users/u1218984/Documents/Unreal Projects/ProceGen/Saved/Config/Windows/Engine.ini]
[2019.05.17-20.38.48:820][  0]LogConfig: Setting CVar [[s.MinBulkDataSizeForAsyncLoading:131072]]
[2019.05.17-20.38.48:820][  0]LogConfig: Setting CVar [[s.AsyncLoadingThreadEnabled:0]]
[2019.05.17-20.38.48:820][  0]LogConfig: Setting CVar [[s.EventDrivenLoaderEnabled:1]]
[2019.05.17-20.38.48:820][  0]LogConfig: Setting CVar [[s.WarnIfTimeLimitExceeded:0]]
[2019.05.17-20.38.48:820][  0]LogConfig: Setting CVar [[s.TimeLimitExceededMultiplier:1.5]]
[2019.05.17-20.38.48:820][  0]LogConfig: Setting CVar [[s.TimeLimitExceededMinTime:0.005]]
[2019.05.17-20.38.48:820][  0]LogConfig: Setting CVar [[s.UseBackgroundLevelStreaming:1]]
[2019.05.17-20.38.48:820][  0]LogConfig: Setting CVar [[s.PriorityAsyncLoadingExtraTime:15.0]]
[2019.05.17-20.38.48:820][  0]LogConfig: Setting CVar [[s.LevelStreamingActorsUpdateTimeLimit:5.0]]
[2019.05.17-20.38.48:820][  0]LogConfig: Setting CVar [[s.PriorityLevelStreamingActorsUpdateExtraTime:5.0]]
[2019.05.17-20.38.48:820][  0]LogConfig: Setting CVar [[s.LevelStreamingComponentsRegistrationGranularity:10]]
[2019.05.17-20.38.48:820][  0]LogConfig: Setting CVar [[s.UnregisterComponentsTimeLimit:1.0]]
[2019.05.17-20.38.48:820][  0]LogConfig: Setting CVar [[s.LevelStreamingComponentsUnregistrationGranularity:5]]
[2019.05.17-20.38.48:820][  0]LogConfig: Applying CVar settings from Section [/Script/Engine.GarbageCollectionSettings] File [C:/Users/u1218984/Documents/Unreal Projects/ProceGen/Saved/Config/Windows/Engine.ini]
[2019.05.17-20.38.48:820][  0]LogConfig: Setting CVar [[gc.MaxObjectsNotConsideredByGC:1]]
[2019.05.17-20.38.48:820][  0]LogConfig: Setting CVar [[gc.SizeOfPermanentObjectPool:0]]
[2019.05.17-20.38.48:820][  0]LogConfig: Setting CVar [[gc.FlushStreamingOnGC:0]]
[2019.05.17-20.38.48:820][  0]LogConfig: Setting CVar [[gc.NumRetriesBeforeForcingGC:10]]
[2019.05.17-20.38.48:820][  0]LogConfig: Setting CVar [[gc.AllowParallelGC:1]]
[2019.05.17-20.38.48:820][  0]LogConfig: Setting CVar [[gc.TimeBetweenPurgingPendingKillObjects:61.1]]
[2019.05.17-20.38.48:820][  0]LogConfig: Setting CVar [[gc.MaxObjectsInEditor:16777216]]
[2019.05.17-20.38.48:820][  0]LogConfig: Setting CVar [[gc.IncrementalBeginDestroyEnabled:1]]
[2019.05.17-20.38.48:820][  0]LogConfig: Setting CVar [[gc.CreateGCClusters:1]]
[2019.05.17-20.38.48:820][  0]LogConfig: Setting CVar [[gc.MinGCClusterSize:5]]
[2019.05.17-20.38.48:820][  0]LogConfig: Setting CVar [[gc.ActorClusteringEnabled:0]]
[2019.05.17-20.38.48:820][  0]LogConfig: Setting CVar [[gc.BlueprintClusteringEnabled:0]]
[2019.05.17-20.38.48:820][  0]LogConfig: Setting CVar [[gc.UseDisregardForGCOnDedicatedServers:0]]
[2019.05.17-20.38.48:820][  0]LogConfig: Applying CVar settings from Section [/Script/Engine.NetworkSettings] File [C:/Users/u1218984/Documents/Unreal Projects/ProceGen/Saved/Config/Windows/Engine.ini]
[2019.05.17-20.38.48:820][  0]LogConfig: Applying CVar settings from Section [/Script/UnrealEd.CookerSettings] File [C:/Users/u1218984/Documents/Unreal Projects/ProceGen/Saved/Config/Windows/Engine.ini]
[2019.05.17-20.38.48:828][  0]LogConfig: Applying CVar settings from Section [ViewDistanceQuality@3] File [C:/Users/u1218984/Documents/Unreal Projects/ProceGen/Saved/Config/Windows/Scalability.ini]
[2019.05.17-20.38.48:828][  0]LogConfig: Setting CVar [[r.SkeletalMeshLODBias:0]]
[2019.05.17-20.38.48:828][  0]LogConfig: Setting CVar [[r.ViewDistanceScale:1.0]]
[2019.05.17-20.38.48:828][  0]LogConfig: Applying CVar settings from Section [AntiAliasingQuality@3] File [C:/Users/u1218984/Documents/Unreal Projects/ProceGen/Saved/Config/Windows/Scalability.ini]
[2019.05.17-20.38.48:828][  0]LogConfig: Setting CVar [[r.PostProcessAAQuality:4]]
[2019.05.17-20.38.48:828][  0]LogConfig: Applying CVar settings from Section [ShadowQuality@3] File [C:/Users/u1218984/Documents/Unreal Projects/ProceGen/Saved/Config/Windows/Scalability.ini]
[2019.05.17-20.38.48:828][  0]LogConfig: Setting CVar [[r.LightFunctionQuality:1]]
[2019.05.17-20.38.48:828][  0]LogConfig: Setting CVar [[r.ShadowQuality:5]]
[2019.05.17-20.38.48:828][  0]LogConfig: Setting CVar [[r.Shadow.CSM.MaxCascades:10]]
[2019.05.17-20.38.48:828][  0]LogConfig: Setting CVar [[r.Shadow.MaxResolution:2048]]
[2019.05.17-20.38.48:828][  0]LogConfig: Setting CVar [[r.Shadow.MaxCSMResolution:2048]]
[2019.05.17-20.38.48:828][  0]LogConfig: Setting CVar [[r.Shadow.RadiusThreshold:0.01]]
[2019.05.17-20.38.48:828][  0]LogConfig: Setting CVar [[r.Shadow.DistanceScale:1.0]]
[2019.05.17-20.38.48:828][  0]LogConfig: Setting CVar [[r.Shadow.CSM.TransitionScale:1.0]]
[2019.05.17-20.38.48:828][  0]LogConfig: Setting CVar [[r.Shadow.PreShadowResolutionFactor:1.0]]
[2019.05.17-20.38.48:828][  0]LogConfig: Setting CVar [[r.DistanceFieldShadowing:1]]
[2019.05.17-20.38.48:828][  0]LogConfig: Setting CVar [[r.DistanceFieldAO:1]]
[2019.05.17-20.38.48:828][  0]LogConfig: Setting CVar [[r.AOQuality:2]]
[2019.05.17-20.38.48:828][  0]LogConfig: Setting CVar [[r.VolumetricFog:1]]
[2019.05.17-20.38.48:828][  0]LogConfig: Setting CVar [[r.VolumetricFog.GridPixelSize:8]]
[2019.05.17-20.38.48:828][  0]LogConfig: Setting CVar [[r.VolumetricFog.GridSizeZ:128]]
[2019.05.17-20.38.48:828][  0]LogConfig: Setting CVar [[r.VolumetricFog.HistoryMissSupersampleCount:4]]
[2019.05.17-20.38.48:828][  0]LogConfig: Setting CVar [[r.LightMaxDrawDistanceScale:1]]
[2019.05.17-20.38.48:828][  0]LogConfig: Setting CVar [[r.CapsuleShadows:1]]
[2019.05.17-20.38.48:828][  0]LogConfig: Applying CVar settings from Section [PostProcessQuality@3] File [C:/Users/u1218984/Documents/Unreal Projects/ProceGen/Saved/Config/Windows/Scalability.ini]
[2019.05.17-20.38.48:828][  0]LogConfig: Setting CVar [[r.MotionBlurQuality:4]]
[2019.05.17-20.38.48:828][  0]LogConfig: Setting CVar [[r.AmbientOcclusionMipLevelFactor:0.4]]
[2019.05.17-20.38.48:828][  0]LogConfig: Setting CVar [[r.AmbientOcclusionMaxQuality:100]]
[2019.05.17-20.38.48:828][  0]LogConfig: Setting CVar [[r.AmbientOcclusionLevels:-1]]
[2019.05.17-20.38.48:828][  0]LogConfig: Setting CVar [[r.AmbientOcclusionRadiusScale:1.0]]
[2019.05.17-20.38.48:828][  0]LogConfig: Setting CVar [[r.DepthOfFieldQuality:2]]
[2019.05.17-20.38.48:828][  0]LogConfig: Setting CVar [[r.RenderTargetPoolMin:400]]
[2019.05.17-20.38.48:828][  0]LogConfig: Setting CVar [[r.LensFlareQuality:2]]
[2019.05.17-20.38.48:828][  0]LogConfig: Setting CVar [[r.SceneColorFringeQuality:1]]
[2019.05.17-20.38.48:828][  0]LogConfig: Setting CVar [[r.EyeAdaptationQuality:2]]
[2019.05.17-20.38.48:828][  0]LogConfig: Setting CVar [[r.BloomQuality:5]]
[2019.05.17-20.38.48:828][  0]LogConfig: Setting CVar [[r.FastBlurThreshold:100]]
[2019.05.17-20.38.48:828][  0]LogConfig: Setting CVar [[r.Upscale.Quality:3]]
[2019.05.17-20.38.48:828][  0]LogConfig: Setting CVar [[r.Tonemapper.GrainQuantization:1]]
[2019.05.17-20.38.48:828][  0]LogConfig: Setting CVar [[r.LightShaftQuality:1]]
[2019.05.17-20.38.48:828][  0]LogConfig: Setting CVar [[r.Filter.SizeScale:1]]
[2019.05.17-20.38.48:828][  0]LogConfig: Setting CVar [[r.Tonemapper.Quality:5]]
[2019.05.17-20.38.48:828][  0]LogConfig: Setting CVar [[r.DOF.Gather.AccumulatorQuality:1        ; higher gathering accumulator quality]]
[2019.05.17-20.38.48:828][  0]LogConfig: Setting CVar [[r.DOF.Gather.PostfilterMethod:1          ; Median3x3 postfilering method]]
[2019.05.17-20.38.48:828][  0]LogConfig: Setting CVar [[r.DOF.Gather.EnableBokehSettings:0       ; no bokeh simulation when gathering]]
[2019.05.17-20.38.48:828][  0]LogConfig: Setting CVar [[r.DOF.Gather.RingCount:4                 ; medium number of samples when gathering]]
[2019.05.17-20.38.48:828][  0]LogConfig: Setting CVar [[r.DOF.Scatter.ForegroundCompositing:1    ; additive foreground scattering]]
[2019.05.17-20.38.48:828][  0]LogConfig: Setting CVar [[r.DOF.Scatter.BackgroundCompositing:2    ; additive background scattering]]
[2019.05.17-20.38.48:828][  0]LogConfig: Setting CVar [[r.DOF.Scatter.EnableBokehSettings:1      ; bokeh simulation when scattering]]
[2019.05.17-20.38.48:828][  0]LogConfig: Setting CVar [[r.DOF.Scatter.MaxSpriteRatio:0.1         ; only a maximum of 10% of scattered bokeh]]
[2019.05.17-20.38.48:828][  0]LogConfig: Setting CVar [[r.DOF.Recombine.Quality:1                ; cheap slight out of focus]]
[2019.05.17-20.38.48:828][  0]LogConfig: Setting CVar [[r.DOF.Recombine.EnableBokehSettings:0    ; no bokeh simulation on slight out of focus]]
[2019.05.17-20.38.48:828][  0]LogConfig: Setting CVar [[r.DOF.TemporalAAQuality:1                ; more stable temporal accumulation]]
[2019.05.17-20.38.48:828][  0]LogConfig: Setting CVar [[r.DOF.Kernel.MaxForegroundRadius:0.025]]
[2019.05.17-20.38.48:828][  0]LogConfig: Setting CVar [[r.DOF.Kernel.MaxBackgroundRadius:0.025]]
[2019.05.17-20.38.48:828][  0]LogConfig: Applying CVar settings from Section [TextureQuality@3] File [C:/Users/u1218984/Documents/Unreal Projects/ProceGen/Saved/Config/Windows/Scalability.ini]
[2019.05.17-20.38.48:828][  0]LogConfig: Setting CVar [[r.Streaming.MipBias:0]]
[2019.05.17-20.38.48:829][  0]LogConfig: Setting CVar [[r.Streaming.AmortizeCPUToGPUCopy:0]]
[2019.05.17-20.38.48:829][  0]LogConfig: Setting CVar [[r.Streaming.MaxNumTexturesToStreamPerFrame:0]]
[2019.05.17-20.38.48:829][  0]LogConfig: Setting CVar [[r.Streaming.Boost:1]]
[2019.05.17-20.38.48:829][  0]LogConfig: Setting CVar [[r.MaxAnisotropy:8]]
[2019.05.17-20.38.48:829][  0]LogConfig: Setting CVar [[r.Streaming.LimitPoolSizeToVRAM:0]]
[2019.05.17-20.38.48:829][  0]LogConfig: Setting CVar [[r.Streaming.PoolSize:1000]]
[2019.05.17-20.38.48:829][  0]LogConfig: Setting CVar [[r.Streaming.MaxEffectiveScreenSize:0]]
[2019.05.17-20.38.48:829][  0]LogConfig: Applying CVar settings from Section [EffectsQuality@3] File [C:/Users/u1218984/Documents/Unreal Projects/ProceGen/Saved/Config/Windows/Scalability.ini]
[2019.05.17-20.38.48:829][  0]LogConfig: Setting CVar [[r.TranslucencyLightingVolumeDim:64]]
[2019.05.17-20.38.48:829][  0]LogConfig: Setting CVar [[r.RefractionQuality:2]]
[2019.05.17-20.38.48:829][  0]LogConfig: Setting CVar [[r.SSR.Quality:3]]
[2019.05.17-20.38.48:829][  0]LogConfig: Setting CVar [[r.SceneColorFormat:4]]
[2019.05.17-20.38.48:829][  0]LogConfig: Setting CVar [[r.DetailMode:2]]
[2019.05.17-20.38.48:829][  0]LogConfig: Setting CVar [[r.TranslucencyVolumeBlur:1]]
[2019.05.17-20.38.48:829][  0]LogConfig: Setting CVar [[r.MaterialQualityLevel:1 ; High quality]]
[2019.05.17-20.38.48:829][  0]LogConfig: Setting CVar [[r.SSS.Scale:1]]
[2019.05.17-20.38.48:829][  0]LogConfig: Setting CVar [[r.SSS.SampleSet:2]]
[2019.05.17-20.38.48:829][  0]LogConfig: Setting CVar [[r.SSS.Quality:1]]
[2019.05.17-20.38.48:829][  0]LogConfig: Setting CVar [[r.SSS.HalfRes:1]]
[2019.05.17-20.38.48:829][  0]LogConfig: Setting CVar [[r.EmitterSpawnRateScale:1.0]]
[2019.05.17-20.38.48:829][  0]LogConfig: Setting CVar [[r.ParticleLightQuality:2]]
[2019.05.17-20.38.48:829][  0]LogConfig: Applying CVar settings from Section [FoliageQuality@3] File [C:/Users/u1218984/Documents/Unreal Projects/ProceGen/Saved/Config/Windows/Scalability.ini]
[2019.05.17-20.38.48:829][  0]LogConfig: Setting CVar [[foliage.DensityScale:1.0]]
[2019.05.17-20.38.48:829][  0]LogConfig: Setting CVar [[grass.DensityScale:1.0]]
[2019.05.17-20.38.48:829][  0]LogInit: Selected Device Profile: [Windows]
[2019.05.17-20.38.48:829][  0]LogInit: Applying CVar settings loaded from the selected device profile: [Windows]
[2019.05.17-20.38.48:842][  0]LogHAL: Display: Platform has ~ 32 GB [34230710272 / 34359738368 / 32], which maps to Largest [LargestMinGB=32, LargerMinGB=12, DefaultMinGB=8, SmallerMinGB=6, SmallestMinGB=0)
[2019.05.17-20.38.48:842][  0]LogConfig: Setting CVar [[r.Vulkan.UseRealUBs:0		; Required until we fix HLR fall-out]]
[2019.05.17-20.38.48:842][  0]LogInit: Going up to parent DeviceProfile []
[2019.05.17-20.38.48:842][  0]LogConfig: Applying CVar settings from Section [ViewDistanceQuality@3] File [C:/Users/u1218984/Documents/Unreal Projects/ProceGen/Saved/Config/Windows/Scalability.ini]
[2019.05.17-20.38.48:842][  0]LogConfig: Setting CVar [[r.SkeletalMeshLODBias:0]]
[2019.05.17-20.38.48:842][  0]LogConfig: Setting CVar [[r.ViewDistanceScale:1.0]]
[2019.05.17-20.38.48:842][  0]LogConfig: Applying CVar settings from Section [AntiAliasingQuality@3] File [C:/Users/u1218984/Documents/Unreal Projects/ProceGen/Saved/Config/Windows/Scalability.ini]
[2019.05.17-20.38.48:842][  0]LogConfig: Setting CVar [[r.PostProcessAAQuality:4]]
[2019.05.17-20.38.48:843][  0]LogConfig: Applying CVar settings from Section [ShadowQuality@3] File [C:/Users/u1218984/Documents/Unreal Projects/ProceGen/Saved/Config/Windows/Scalability.ini]
[2019.05.17-20.38.48:843][  0]LogConfig: Setting CVar [[r.LightFunctionQuality:1]]
[2019.05.17-20.38.48:843][  0]LogConfig: Setting CVar [[r.ShadowQuality:5]]
[2019.05.17-20.38.48:843][  0]LogConfig: Setting CVar [[r.Shadow.CSM.MaxCascades:10]]
[2019.05.17-20.38.48:843][  0]LogConfig: Setting CVar [[r.Shadow.MaxResolution:2048]]
[2019.05.17-20.38.48:843][  0]LogConfig: Setting CVar [[r.Shadow.MaxCSMResolution:2048]]
[2019.05.17-20.38.48:843][  0]LogConfig: Setting CVar [[r.Shadow.RadiusThreshold:0.01]]
[2019.05.17-20.38.48:843][  0]LogConfig: Setting CVar [[r.Shadow.DistanceScale:1.0]]
[2019.05.17-20.38.48:843][  0]LogConfig: Setting CVar [[r.Shadow.CSM.TransitionScale:1.0]]
[2019.05.17-20.38.48:843][  0]LogConfig: Setting CVar [[r.Shadow.PreShadowResolutionFactor:1.0]]
[2019.05.17-20.38.48:843][  0]LogConfig: Setting CVar [[r.DistanceFieldShadowing:1]]
[2019.05.17-20.38.48:843][  0]LogConfig: Setting CVar [[r.DistanceFieldAO:1]]
[2019.05.17-20.38.48:843][  0]LogConfig: Setting CVar [[r.AOQuality:2]]
[2019.05.17-20.38.48:843][  0]LogConfig: Setting CVar [[r.VolumetricFog:1]]
[2019.05.17-20.38.48:843][  0]LogConfig: Setting CVar [[r.VolumetricFog.GridPixelSize:8]]
[2019.05.17-20.38.48:843][  0]LogConfig: Setting CVar [[r.VolumetricFog.GridSizeZ:128]]
[2019.05.17-20.38.48:843][  0]LogConfig: Setting CVar [[r.VolumetricFog.HistoryMissSupersampleCount:4]]
[2019.05.17-20.38.48:843][  0]LogConfig: Setting CVar [[r.LightMaxDrawDistanceScale:1]]
[2019.05.17-20.38.48:843][  0]LogConfig: Setting CVar [[r.CapsuleShadows:1]]
[2019.05.17-20.38.48:843][  0]LogConfig: Applying CVar settings from Section [PostProcessQuality@3] File [C:/Users/u1218984/Documents/Unreal Projects/ProceGen/Saved/Config/Windows/Scalability.ini]
[2019.05.17-20.38.48:843][  0]LogConfig: Setting CVar [[r.MotionBlurQuality:4]]
[2019.05.17-20.38.48:843][  0]LogConfig: Setting CVar [[r.AmbientOcclusionMipLevelFactor:0.4]]
[2019.05.17-20.38.48:843][  0]LogConfig: Setting CVar [[r.AmbientOcclusionMaxQuality:100]]
[2019.05.17-20.38.48:843][  0]LogConfig: Setting CVar [[r.AmbientOcclusionLevels:-1]]
[2019.05.17-20.38.48:843][  0]LogConfig: Setting CVar [[r.AmbientOcclusionRadiusScale:1.0]]
[2019.05.17-20.38.48:843][  0]LogConfig: Setting CVar [[r.DepthOfFieldQuality:2]]
[2019.05.17-20.38.48:843][  0]LogConfig: Setting CVar [[r.RenderTargetPoolMin:400]]
[2019.05.17-20.38.48:843][  0]LogConfig: Setting CVar [[r.LensFlareQuality:2]]
[2019.05.17-20.38.48:843][  0]LogConfig: Setting CVar [[r.SceneColorFringeQuality:1]]
[2019.05.17-20.38.48:843][  0]LogConfig: Setting CVar [[r.EyeAdaptationQuality:2]]
[2019.05.17-20.38.48:843][  0]LogConfig: Setting CVar [[r.BloomQuality:5]]
[2019.05.17-20.38.48:843][  0]LogConfig: Setting CVar [[r.FastBlurThreshold:100]]
[2019.05.17-20.38.48:843][  0]LogConfig: Setting CVar [[r.Upscale.Quality:3]]
[2019.05.17-20.38.48:843][  0]LogConfig: Setting CVar [[r.Tonemapper.GrainQuantization:1]]
[2019.05.17-20.38.48:843][  0]LogConfig: Setting CVar [[r.LightShaftQuality:1]]
[2019.05.17-20.38.48:843][  0]LogConfig: Setting CVar [[r.Filter.SizeScale:1]]
[2019.05.17-20.38.48:843][  0]LogConfig: Setting CVar [[r.Tonemapper.Quality:5]]
[2019.05.17-20.38.48:843][  0]LogConfig: Setting CVar [[r.DOF.Gather.AccumulatorQuality:1        ; higher gathering accumulator quality]]
[2019.05.17-20.38.48:843][  0]LogConfig: Setting CVar [[r.DOF.Gather.PostfilterMethod:1          ; Median3x3 postfilering method]]
[2019.05.17-20.38.48:843][  0]LogConfig: Setting CVar [[r.DOF.Gather.EnableBokehSettings:0       ; no bokeh simulation when gathering]]
[2019.05.17-20.38.48:843][  0]LogConfig: Setting CVar [[r.DOF.Gather.RingCount:4                 ; medium number of samples when gathering]]
[2019.05.17-20.38.48:843][  0]LogConfig: Setting CVar [[r.DOF.Scatter.ForegroundCompositing:1    ; additive foreground scattering]]
[2019.05.17-20.38.48:843][  0]LogConfig: Setting CVar [[r.DOF.Scatter.BackgroundCompositing:2    ; additive background scattering]]
[2019.05.17-20.38.48:843][  0]LogConfig: Setting CVar [[r.DOF.Scatter.EnableBokehSettings:1      ; bokeh simulation when scattering]]
[2019.05.17-20.38.48:843][  0]LogConfig: Setting CVar [[r.DOF.Scatter.MaxSpriteRatio:0.1         ; only a maximum of 10% of scattered bokeh]]
[2019.05.17-20.38.48:843][  0]LogConfig: Setting CVar [[r.DOF.Recombine.Quality:1                ; cheap slight out of focus]]
[2019.05.17-20.38.48:843][  0]LogConfig: Setting CVar [[r.DOF.Recombine.EnableBokehSettings:0    ; no bokeh simulation on slight out of focus]]
[2019.05.17-20.38.48:843][  0]LogConfig: Setting CVar [[r.DOF.TemporalAAQuality:1                ; more stable temporal accumulation]]
[2019.05.17-20.38.48:843][  0]LogConfig: Setting CVar [[r.DOF.Kernel.MaxForegroundRadius:0.025]]
[2019.05.17-20.38.48:843][  0]LogConfig: Setting CVar [[r.DOF.Kernel.MaxBackgroundRadius:0.025]]
[2019.05.17-20.38.48:843][  0]LogConfig: Applying CVar settings from Section [TextureQuality@3] File [C:/Users/u1218984/Documents/Unreal Projects/ProceGen/Saved/Config/Windows/Scalability.ini]
[2019.05.17-20.38.48:843][  0]LogConfig: Setting CVar [[r.Streaming.MipBias:0]]
[2019.05.17-20.38.48:843][  0]LogConfig: Setting CVar [[r.Streaming.AmortizeCPUToGPUCopy:0]]
[2019.05.17-20.38.48:843][  0]LogConfig: Setting CVar [[r.Streaming.MaxNumTexturesToStreamPerFrame:0]]
[2019.05.17-20.38.48:843][  0]LogConfig: Setting CVar [[r.Streaming.Boost:1]]
[2019.05.17-20.38.48:843][  0]LogConfig: Setting CVar [[r.MaxAnisotropy:8]]
[2019.05.17-20.38.48:843][  0]LogConfig: Setting CVar [[r.Streaming.LimitPoolSizeToVRAM:0]]
[2019.05.17-20.38.48:843][  0]LogConfig: Setting CVar [[r.Streaming.PoolSize:1000]]
[2019.05.17-20.38.48:843][  0]LogConfig: Setting CVar [[r.Streaming.MaxEffectiveScreenSize:0]]
[2019.05.17-20.38.48:843][  0]LogConfig: Applying CVar settings from Section [EffectsQuality@3] File [C:/Users/u1218984/Documents/Unreal Projects/ProceGen/Saved/Config/Windows/Scalability.ini]
[2019.05.17-20.38.48:843][  0]LogConfig: Setting CVar [[r.TranslucencyLightingVolumeDim:64]]
[2019.05.17-20.38.48:843][  0]LogConfig: Setting CVar [[r.RefractionQuality:2]]
[2019.05.17-20.38.48:843][  0]LogConfig: Setting CVar [[r.SSR.Quality:3]]
[2019.05.17-20.38.48:843][  0]LogConfig: Setting CVar [[r.SceneColorFormat:4]]
[2019.05.17-20.38.48:843][  0]LogConfig: Setting CVar [[r.DetailMode:2]]
[2019.05.17-20.38.48:843][  0]LogConfig: Setting CVar [[r.TranslucencyVolumeBlur:1]]
[2019.05.17-20.38.48:843][  0]LogConfig: Setting CVar [[r.MaterialQualityLevel:1 ; High quality]]
[2019.05.17-20.38.48:843][  0]LogConfig: Setting CVar [[r.SSS.Scale:1]]
[2019.05.17-20.38.48:843][  0]LogConfig: Setting CVar [[r.SSS.SampleSet:2]]
[2019.05.17-20.38.48:843][  0]LogConfig: Setting CVar [[r.SSS.Quality:1]]
[2019.05.17-20.38.48:843][  0]LogConfig: Setting CVar [[r.SSS.HalfRes:1]]
[2019.05.17-20.38.48:843][  0]LogConfig: Setting CVar [[r.EmitterSpawnRateScale:1.0]]
[2019.05.17-20.38.48:843][  0]LogConfig: Setting CVar [[r.ParticleLightQuality:2]]
[2019.05.17-20.38.48:843][  0]LogConfig: Applying CVar settings from Section [FoliageQuality@3] File [C:/Users/u1218984/Documents/Unreal Projects/ProceGen/Saved/Config/Windows/Scalability.ini]
[2019.05.17-20.38.48:844][  0]LogConfig: Setting CVar [[foliage.DensityScale:1.0]]
[2019.05.17-20.38.48:844][  0]LogConfig: Setting CVar [[grass.DensityScale:1.0]]
[2019.05.17-20.38.48:844][  0]LogConfig: Applying CVar settings from Section [Startup] File [../../../Engine/Config/ConsoleVariables.ini]
[2019.05.17-20.38.48:844][  0]LogConfig: Setting CVar [[net.UseAdaptiveNetUpdateFrequency:0]]
[2019.05.17-20.38.48:844][  0]LogConfig: Setting CVar [[p.chaos.AllowCreatePhysxBodies:1]]
[2019.05.17-20.38.48:844][  0]LogConfig: Applying CVar settings from Section [ConsoleVariables] File [C:/Users/u1218984/Documents/Unreal Projects/ProceGen/Saved/Config/Windows/Engine.ini]
[2019.05.17-20.38.48:844][  0]LogInit: Computer: eae-g-h-06
[2019.05.17-20.38.48:844][  0]LogInit: User: u1218984
[2019.05.17-20.38.48:844][  0]LogInit: CPU Page size=4096, Cores=4
[2019.05.17-20.38.48:844][  0]LogInit: High frequency timer resolution =3.507504 MHz
[2019.05.17-20.38.48:844][  0]LogMemory: Memory total: Physical=31.9GB (32GB approx)
[2019.05.17-20.38.48:844][  0]LogMemory: Platform Memory Stats for Windows
[2019.05.17-20.38.48:844][  0]LogMemory: Process Physical Memory: 97.48 MB used, 97.48 MB peak
[2019.05.17-20.38.48:844][  0]LogMemory: Process Virtual Memory: 88.92 MB used, 88.92 MB peak
[2019.05.17-20.38.48:844][  0]LogMemory: Physical Memory: 8885.98 MB used,  23758.96 MB free, 32644.95 MB total
[2019.05.17-20.38.48:844][  0]LogMemory: Virtual Memory: 4654.23 MB used,  134213072.00 MB free, 134217728.00 MB total
[2019.05.17-20.38.48:876][  0]LogInit: Using OS detected language (en-US).
[2019.05.17-20.38.48:876][  0]LogInit: Using OS detected locale (en-US).
[2019.05.17-20.38.48:877][  0]LogTextLocalizationManager: No specific localization for 'en-US' exists, so the 'en' localization will be used.
[2019.05.17-20.38.49:080][  0]LogInit: Setting process to per monitor DPI aware
[2019.05.17-20.38.49:115][  0]LogSlate: New Slate User Created.  User Index 0, Is Virtual User: 0
[2019.05.17-20.38.49:115][  0]LogSlate: Slate User Registered.  User Index 0, Is Virtual User: 0
[2019.05.17-20.38.49:306][  0]LogHMD: Failed to initialize OpenVR with code 110
[2019.05.17-20.38.49:306][  0]LogD3D11RHI: D3D11 adapters:
[2019.05.17-20.38.49:367][  0]LogD3D11RHI:    0. 'NVIDIA GeForce GTX 970' (Feature Level 11_0)
[2019.05.17-20.38.49:367][  0]LogD3D11RHI:       4043/0/16322 MB DedicatedVideo/DedicatedSystem/SharedSystem, Outputs:2, VendorId:0x10de
[2019.05.17-20.38.49:375][  0]LogD3D11RHI:    1. 'Intel(R) HD Graphics 4600' (Feature Level 11_0)
[2019.05.17-20.38.49:375][  0]LogD3D11RHI:       112/0/2048 MB DedicatedVideo/DedicatedSystem/SharedSystem, Outputs:0, VendorId:0x8086
[2019.05.17-20.38.49:377][  0]LogD3D11RHI:    2. 'Microsoft Basic Render Driver' (Feature Level 11_0)
[2019.05.17-20.38.49:377][  0]LogD3D11RHI:       0/0/16322 MB DedicatedVideo/DedicatedSystem/SharedSystem, Outputs:0, VendorId:0x1414
[2019.05.17-20.38.49:377][  0]LogD3D11RHI: Chosen D3D11 Adapter: 0
[2019.05.17-20.38.49:385][  0]LogD3D11RHI: Creating new Direct3DDevice
[2019.05.17-20.38.49:385][  0]LogD3D11RHI:     GPU DeviceId: 0x13c2 (for the marketing name, search the web for "GPU Device Id")
[2019.05.17-20.38.49:385][  0]LogWindows: EnumDisplayDevices:
[2019.05.17-20.38.49:385][  0]LogWindows:    0. 'NVIDIA GeForce GTX 970' (P:1 D:1)
[2019.05.17-20.38.49:386][  0]LogWindows:    1. 'NVIDIA GeForce GTX 970' (P:0 D:1)
[2019.05.17-20.38.49:386][  0]LogWindows:    2. 'NVIDIA GeForce GTX 970' (P:0 D:0)
[2019.05.17-20.38.49:386][  0]LogWindows:    3. 'NVIDIA GeForce GTX 970' (P:0 D:0)
[2019.05.17-20.38.49:387][  0]LogWindows:    4. 'Intel(R) HD Graphics 4600' (P:0 D:0)
[2019.05.17-20.38.49:387][  0]LogWindows:    5. 'Intel(R) HD Graphics 4600' (P:0 D:0)
[2019.05.17-20.38.49:387][  0]LogWindows:    6. 'Intel(R) HD Graphics 4600' (P:0 D:0)
[2019.05.17-20.38.49:388][  0]LogWindows: DebugString: PrimaryIsNotTheChoosenAdapter PrimaryIsNotTheChoosenAdapter PrimaryIsNotTheChoosenAdapter FoundDriverCount:4 
[2019.05.17-20.38.49:388][  0]LogD3D11RHI:     Adapter Name: NVIDIA GeForce GTX 970
[2019.05.17-20.38.49:388][  0]LogD3D11RHI:   Driver Version: 398.36 (internal:24.21.13.9836, unified:398.36)
[2019.05.17-20.38.49:388][  0]LogD3D11RHI:      Driver Date: 6-24-2018
[2019.05.17-20.38.49:388][  0]LogRHI: Texture pool is 2830 MB (70% of 4043 MB)
[2019.05.17-20.38.49:430][  0]LogD3D11RHI: Async texture creation enabled
[2019.05.17-20.38.49:434][  0]LogRendererCore: FGlobalReadBuffer::InitRHI
[2019.05.17-20.38.49:435][  0]LogRendererCore: FGlobalReadBuffer::InitRHI
[2019.05.17-20.38.49:435][  0]LogRendererCore: FGlobalReadBuffer::InitRHI
[2019.05.17-20.38.49:447][  0]LogD3D11RHI: GPU Timing Frequency: 1000.000000 (Debug: 2 2)
[2019.05.17-20.38.49:842][  0]LogTemp: Display: Module 'AllDesktopTargetPlatform' loaded TargetPlatform 'AllDesktop'
[2019.05.17-20.38.49:858][  0]LogTemp: Display: Module 'MacClientTargetPlatform' loaded TargetPlatform 'MacClient'
[2019.05.17-20.38.49:873][  0]LogTemp: Display: Module 'MacNoEditorTargetPlatform' loaded TargetPlatform 'MacNoEditor'
[2019.05.17-20.38.49:888][  0]LogTemp: Display: Module 'MacServerTargetPlatform' loaded TargetPlatform 'MacServer'
[2019.05.17-20.38.49:902][  0]LogTemp: Display: Module 'MacTargetPlatform' loaded TargetPlatform 'Mac'
[2019.05.17-20.38.49:917][  0]LogTemp: Display: Module 'WindowsClientTargetPlatform' loaded TargetPlatform 'WindowsClient'
[2019.05.17-20.38.49:933][  0]LogTemp: Display: Module 'WindowsNoEditorTargetPlatform' loaded TargetPlatform 'WindowsNoEditor'
[2019.05.17-20.38.49:948][  0]LogTemp: Display: Module 'WindowsServerTargetPlatform' loaded TargetPlatform 'WindowsServer'
[2019.05.17-20.38.49:956][  0]LogTemp: Display: Module 'WindowsTargetPlatform' loaded TargetPlatform 'Windows'
[2019.05.17-20.38.50:037][  0]LogTemp: Display: Module 'AndroidTargetPlatform' loaded TargetPlatform 'Android'
[2019.05.17-20.38.50:037][  0]LogTemp: Display: Module 'AndroidTargetPlatform' loaded TargetPlatform 'Android_ASTC'
[2019.05.17-20.38.50:037][  0]LogTemp: Display: Module 'AndroidTargetPlatform' loaded TargetPlatform 'Android_ATC'
[2019.05.17-20.38.50:037][  0]LogTemp: Display: Module 'AndroidTargetPlatform' loaded TargetPlatform 'Android_DXT'
[2019.05.17-20.38.50:037][  0]LogTemp: Display: Module 'AndroidTargetPlatform' loaded TargetPlatform 'Android_ETC1'
[2019.05.17-20.38.50:037][  0]LogTemp: Display: Module 'AndroidTargetPlatform' loaded TargetPlatform 'Android_ETC1a'
[2019.05.17-20.38.50:037][  0]LogTemp: Display: Module 'AndroidTargetPlatform' loaded TargetPlatform 'Android_ETC2'
[2019.05.17-20.38.50:037][  0]LogTemp: Display: Module 'AndroidTargetPlatform' loaded TargetPlatform 'Android_PVRTC'
[2019.05.17-20.38.50:037][  0]LogTemp: Display: Module 'AndroidTargetPlatform' loaded TargetPlatform 'AndroidClient'
[2019.05.17-20.38.50:037][  0]LogTemp: Display: Module 'AndroidTargetPlatform' loaded TargetPlatform 'Android_ASTCClient'
[2019.05.17-20.38.50:037][  0]LogTemp: Display: Module 'AndroidTargetPlatform' loaded TargetPlatform 'Android_ATCClient'
[2019.05.17-20.38.50:037][  0]LogTemp: Display: Module 'AndroidTargetPlatform' loaded TargetPlatform 'Android_DXTClient'
[2019.05.17-20.38.50:037][  0]LogTemp: Display: Module 'AndroidTargetPlatform' loaded TargetPlatform 'Android_ETC1Client'
[2019.05.17-20.38.50:037][  0]LogTemp: Display: Module 'AndroidTargetPlatform' loaded TargetPlatform 'Android_ETC1aClient'
[2019.05.17-20.38.50:037][  0]LogTemp: Display: Module 'AndroidTargetPlatform' loaded TargetPlatform 'Android_ETC2Client'
[2019.05.17-20.38.50:037][  0]LogTemp: Display: Module 'AndroidTargetPlatform' loaded TargetPlatform 'Android_PVRTCClient'
[2019.05.17-20.38.50:037][  0]LogTemp: Display: Module 'AndroidTargetPlatform' loaded TargetPlatform 'Android_Multi'
[2019.05.17-20.38.50:037][  0]LogTemp: Display: Module 'AndroidTargetPlatform' loaded TargetPlatform 'Android_MultiClient'
[2019.05.17-20.38.50:039][  0]LogTemp: Display: Module 'HTML5TargetPlatform' loaded TargetPlatform 'HTML5'
[2019.05.17-20.38.50:090][  0]LogTemp: Display: Module 'IOSTargetPlatform' loaded TargetPlatform 'IOSClient'
[2019.05.17-20.38.50:090][  0]LogTemp: Display: Module 'IOSTargetPlatform' loaded TargetPlatform 'IOS'
[2019.05.17-20.38.50:118][  0]LogTemp: Display: Module 'TVOSTargetPlatform' loaded TargetPlatform 'TVOSClient'
[2019.05.17-20.38.50:118][  0]LogTemp: Display: Module 'TVOSTargetPlatform' loaded TargetPlatform 'TVOS'
[2019.05.17-20.38.50:131][  0]LogTemp: Display: Module 'LinuxClientTargetPlatform' loaded TargetPlatform 'LinuxClient'
[2019.05.17-20.38.50:144][  0]LogTemp: Display: Module 'LinuxNoEditorTargetPlatform' loaded TargetPlatform 'LinuxNoEditor'
[2019.05.17-20.38.50:157][  0]LogTemp: Display: Module 'LinuxServerTargetPlatform' loaded TargetPlatform 'LinuxServer'
[2019.05.17-20.38.50:170][  0]LogTemp: Display: Module 'LinuxTargetPlatform' loaded TargetPlatform 'Linux'
[2019.05.17-20.38.50:214][  0]LogTemp: Display: Module 'LuminTargetPlatform' loaded TargetPlatform 'Lumin'
[2019.05.17-20.38.50:215][  0]LogTemp: Display: Module 'LuminTargetPlatform' loaded TargetPlatform 'LuminClient'
[2019.05.17-20.38.50:215][  0]LogTargetPlatformManager: Display: Building Assets For Windows
[2019.05.17-20.38.50:226][  0]LogAudioDebug: Display: Lib vorbis DLL was dynamically loaded.
[2019.05.17-20.38.50:298][  0]LogShaderCompilers: Guid format shader working directory is -18 characters bigger than the processId version (../../../../../../Users/u1218984/Documents/Unreal Projects/ProceGen/Intermediate/Shaders/WorkingDirectory/9420/).
[2019.05.17-20.38.50:298][  0]LogShaderCompilers: Cleaned the shader compiler working directory 'C:/Users/u1218984/AppData/Local/Temp/UnrealShaderWorkingDir/481AAC3E4662401B11AE0E864235EE67/'.
[2019.05.17-20.38.50:302][  0]LogXGEController: Cleaning working directory: C:/Users/u1218984/AppData/Local/Temp/UnrealXGEWorkingDir/
[2019.05.17-20.38.50:303][  0]LogXGEController: Cannot use XGE Controller as Incredibuild is not installed on this machine.
[2019.05.17-20.38.50:303][  0]LogShaderCompilers: Cannot use XGE Shader Compiler as Incredibuild is not installed on this machine.
[2019.05.17-20.38.50:303][  0]LogShaderCompilers: Display: Using Local Shader Compiler.
[2019.05.17-20.38.50:835][  0]LogDerivedDataCache: Display: Max Cache Size: 512 MB
[2019.05.17-20.38.50:919][  0]LogDerivedDataCache: Loaded boot cache 0.08s 75MB C:/Users/u1218984/AppData/Local/UnrealEngine/4.22/DerivedDataCache/Boot.ddc.
[2019.05.17-20.38.50:919][  0]LogDerivedDataCache: Display: Loaded Boot cache: C:/Users/u1218984/AppData/Local/UnrealEngine/4.22/DerivedDataCache/Boot.ddc
[2019.05.17-20.38.50:919][  0]LogDerivedDataCache: FDerivedDataBackendGraph:  Pak pak cache file ../../../../../../Users/u1218984/Documents/Unreal Projects/ProceGen/DerivedDataCache/DDC.ddp not found, will not use a pak cache.
[2019.05.17-20.38.50:919][  0]LogDerivedDataCache: Unable to find inner node Pak for hierarchical cache Hierarchy.
[2019.05.17-20.38.50:919][  0]LogDerivedDataCache: FDerivedDataBackendGraph:  CompressedPak pak cache file ../../../../../../Users/u1218984/Documents/Unreal Projects/ProceGen/DerivedDataCache/Compressed.ddp not found, will not use a pak cache.
[2019.05.17-20.38.50:919][  0]LogDerivedDataCache: Unable to find inner node CompressedPak for hierarchical cache Hierarchy.
[2019.05.17-20.38.50:931][  0]LogDerivedDataCache: Display: Pak cache opened for reading ../../../Engine/DerivedDataCache/Compressed.ddp.
[2019.05.17-20.38.50:931][  0]LogDerivedDataCache: FDerivedDataBackendGraph:  EnterprisePak pak cache file ../../../Enterprise/DerivedDataCache/Compressed.ddp not found, will not use a pak cache.
[2019.05.17-20.38.50:931][  0]LogDerivedDataCache: Unable to find inner node EnterprisePak for hierarchical cache Hierarchy.
[2019.05.17-20.38.50:943][  0]LogDerivedDataCache: Using Local data cache path C:/Users/u1218984/AppData/Local/UnrealEngine/Common/DerivedDataCache: Writable
[2019.05.17-20.38.50:943][  0]LogDerivedDataCache: Shared data cache path not found in *engine.ini, will not use an Shared cache.
[2019.05.17-20.38.50:943][  0]LogDerivedDataCache: Unable to find inner node Shared for hierarchical cache Hierarchy.
[2019.05.17-20.38.50:965][  0]LogMaterial: Verifying Global Shaders for PCD3D_SM5
[2019.05.17-20.38.50:966][  0]LogSlate: Using FreeType 2.6.0
[2019.05.17-20.38.50:966][  0]LogSlate: SlateFontServices - WITH_FREETYPE: 1, WITH_HARFBUZZ: 1
[2019.05.17-20.38.51:054][  0]LogAssetRegistry: FAssetRegistry took 0.0329 seconds to start up
[2019.05.17-20.38.51:380][  0]LogInit: Selected Device Profile: [Windows]
[2019.05.17-20.38.51:520][  0]LogMeshReduction: Using QuadricMeshReduction for automatic static mesh reduction
[2019.05.17-20.38.51:520][  0]LogMeshReduction: Using SimplygonMeshReduction for automatic skeletal mesh reduction
[2019.05.17-20.38.51:520][  0]LogMeshReduction: Using ProxyLODMeshReduction for automatic mesh merging
[2019.05.17-20.38.51:520][  0]LogMeshReduction: No distributed automatic mesh merging module available
[2019.05.17-20.38.51:520][  0]LogMeshMerging: No distributed automatic mesh merging module available
[2019.05.17-20.38.51:531][  0]LogNetVersion: ProceGen 1.0.0, NetCL: 5660361, EngineNetVer: 10, GameNetVer: 0 (Checksum: 744135482)
[2019.05.17-20.38.51:935][  0]LogPackageLocalizationCache: Processed 10 localized package path(s) for 1 prioritized culture(s) in 0.043551 seconds
[2019.05.17-20.38.51:947][  0]LogUObjectArray: 42205 objects as part of root set at end of initial load.
[2019.05.17-20.38.51:947][  0]LogUObjectAllocator: 7325032 out of 0 bytes used by permanent object pool.
[2019.05.17-20.38.51:947][  0]LogUObjectArray: CloseDisregardForGC: 0/0 objects in disregard for GC pool
[2019.05.17-20.38.52:850][  0]LogTcpMessaging: Initializing TcpMessaging bridge
[2019.05.17-20.38.52:863][  0]LogUdpMessaging: Initializing bridge on interface 0.0.0.0:0 to multicast group 230.0.0.1:6666.
[2019.05.17-20.38.53:123][  0]SourceControl: Source control is disabled
[2019.05.17-20.38.53:123][  0]SourceControl: Source control is disabled
[2019.05.17-20.38.53:125][  0]SourceControl: Source control is disabled
[2019.05.17-20.38.53:126][  0]SourceControl: Source control is disabled
[2019.05.17-20.38.53:209][  0]LogAndroidPermission: UAndroidPermissionCallbackProxy::GetInstance
[2019.05.17-20.38.53:322][  0]LogOcInput: OculusInput pre-init called
[2019.05.17-20.38.54:015][  0]LogEngine: Initializing Engine...
[2019.05.17-20.38.54:016][  0]LogHMD: Failed to initialize OpenVR with code 110
[2019.05.17-20.38.54:017][  0]LogStats: UGameplayTagsManager::InitializeManager -  0.000 s
[2019.05.17-20.38.54:224][  0]LogInit: Initializing FReadOnlyCVARCache
[2019.05.17-20.38.54:246][  0]LogAIModule: Creating AISystem for world Untitled
[2019.05.17-20.38.54:276][  0]LogInit: XAudio2 using 'Headphones (High Definition Audio Device)' : 2 channels at 48 kHz using 16 bits per sample (channel mask 0x3)
[2019.05.17-20.38.54:303][  0]LogInit: FAudioDevice initialized.
[2019.05.17-20.38.54:303][  0]LogNetVersion: Set ProjectVersion to 1.0.0.0. Version Checksum will be recalculated on next use.
[2019.05.17-20.38.54:400][  0]LogDerivedDataCache: Saved boot cache 0.10s 75MB C:/Users/u1218984/AppData/Local/UnrealEngine/4.22/DerivedDataCache/Boot.ddc.
[2019.05.17-20.38.54:427][  0]LogInit: Texture streaming: Enabled
[2019.05.17-20.38.54:452][  0]LogEngineSessionManager: EngineSessionManager initialized
[2019.05.17-20.38.54:452][  0]LogEngineSessionManager: EngineSessionManager sent abnormal shutdown report. Type=Crashed, SessionId={BFDD30EF-4363-D9A2-064C-25B555B148AE}
[2019.05.17-20.38.54:482][  0]LogInit: Transaction tracking system initialized
[2019.05.17-20.38.54:524][  0]BlueprintLog: New page: Editor Load
[2019.05.17-20.38.54:650][  0]LocalizationService: Localization service is disabled
[2019.05.17-20.38.54:969][  0]LogFileCache: Scanning file cache for directory 'C:/Users/u1218984/Documents/Unreal Projects/ProceGen/Content/' took 0.02s
[2019.05.17-20.38.54:969][  0]LogCook: Display: Max memory allowance for cook 16384mb min free memory 0mb
[2019.05.17-20.38.54:969][  0]LogCook: Display: Mobile HDR setting 1
[2019.05.17-20.38.55:189][  0]SourceControl: Source control is disabled
[2019.05.17-20.38.55:190][  0]Cmd: MAP LOAD FILE="../../../../../../Users/u1218984/Documents/Unreal Projects/ProceGen/Content/TopDownCPP/Maps/TopDownExampleMap.umap" TEMPLATE=0 SHOWPROGRESS=1 FEATURELEVEL=3
[2019.05.17-20.38.55:190][  0]LightingResults: New page: Lighting Build
[2019.05.17-20.38.55:194][  0]MapCheck: New page: Map Check
[2019.05.17-20.38.55:194][  0]LightingResults: New page: Lighting Build
[2019.05.17-20.38.55:226][  0]LogUObjectHash: Compacting FUObjectHashTables data took   2.48ms
[2019.05.17-20.38.55:378][  0]LogAIModule: Creating AISystem for world TopDownExampleMap
[2019.05.17-20.38.55:390][  0]LogEditorServer: Finished looking for orphan Actors (0.000 secs)
[2019.05.17-20.38.55:415][  0]LogUObjectHash: Compacting FUObjectHashTables data took   2.19ms
[2019.05.17-20.38.55:415][  0]Cmd: MAP CHECKDEP NOCLEARLOG
[2019.05.17-20.38.55:415][  0]MapCheck: Map check complete: 0 Error(s), 0 Warning(s), took 0.176ms to complete.
[2019.05.17-20.38.55:416][  0]LogFileHelpers: Loading map 'TopDownExampleMap' took 0.227
[2019.05.17-20.38.55:503][  0]LogSlate: Updating window title bar state: overlay mode, drag disabled, window buttons hidden, title bar hidden
[2019.05.17-20.38.55:511][  0]LogSlate: Updating window title bar state: overlay mode, drag disabled, window buttons hidden, title bar hidden
[2019.05.17-20.38.55:519][  0]LogSlate: Updating window title bar state: overlay mode, drag disabled, window buttons hidden, title bar hidden
[2019.05.17-20.38.55:526][  0]LogSlate: Updating window title bar state: overlay mode, drag disabled, window buttons hidden, title bar hidden
[2019.05.17-20.38.55:536][  0]LogCollectionManager: Loaded 0 collections in 0.003737 seconds
[2019.05.17-20.38.55:555][  0]LogFileCache: Scanning file cache for directory 'C:/Users/u1218984/Documents/Unreal Projects/ProceGen/Saved/Collections/' took 0.01s
[2019.05.17-20.38.55:555][  0]LogFileCache: Scanning file cache for directory 'C:/Users/u1218984/Documents/Unreal Projects/ProceGen/Content/Developers/u1218984/Collections/' took 0.00s
[2019.05.17-20.38.55:555][  0]LogFileCache: Scanning file cache for directory 'C:/Users/u1218984/Documents/Unreal Projects/ProceGen/Content/Collections/' took 0.00s
[2019.05.17-20.38.55:555][  0]LogCollectionManager: Rebuilt the GUID cache for 0 collections in 0.000000 seconds
[2019.05.17-20.38.55:564][  0]LogContentBrowser: Native class hierarchy populated in 0.0090 seconds. Added 2737 classes and 661 folders.
[2019.05.17-20.38.55:574][  0]LogContentBrowser: Native class hierarchy updated for 'WidgetCarousel' in 0.0004 seconds. Added 0 classes and 0 folders.
[2019.05.17-20.38.55:576][  0]LogPakFile: Registered encryption key '00000000000000000000000000000000': 0 pak files mounted, 0 remain pending
[2019.05.17-20.38.55:577][  0]LogPakFile: Registered encryption key '00000000000000000000000000000000': 0 pak files mounted, 0 remain pending
[2019.05.17-20.38.55:577][  0]LogPakFile: Registered encryption key '00000000000000000000000000000000': 0 pak files mounted, 0 remain pending
[2019.05.17-20.38.55:578][  0]LogPakFile: Registered encryption key '00000000000000000000000000000000': 0 pak files mounted, 0 remain pending
[2019.05.17-20.38.55:578][  0]LogPakFile: Registered encryption key '00000000000000000000000000000000': 0 pak files mounted, 0 remain pending
[2019.05.17-20.38.55:579][  0]LogPakFile: Registered encryption key '00000000000000000000000000000000': 0 pak files mounted, 0 remain pending
[2019.05.17-20.38.55:579][  0]LogPakFile: Registered encryption key '00000000000000000000000000000000': 0 pak files mounted, 0 remain pending
[2019.05.17-20.38.55:580][  0]LogPakFile: Registered encryption key '00000000000000000000000000000000': 0 pak files mounted, 0 remain pending
[2019.05.17-20.38.55:580][  0]LogPakFile: Registered encryption key '00000000000000000000000000000000': 0 pak files mounted, 0 remain pending
[2019.05.17-20.38.55:581][  0]LogPakFile: Registered encryption key '00000000000000000000000000000000': 0 pak files mounted, 0 remain pending
[2019.05.17-20.38.55:581][  0]LogPakFile: Registered encryption key '00000000000000000000000000000000': 0 pak files mounted, 0 remain pending
[2019.05.17-20.38.55:582][  0]LogPakFile: Registered encryption key '00000000000000000000000000000000': 0 pak files mounted, 0 remain pending
[2019.05.17-20.38.55:582][  0]LogPakFile: Registered encryption key '00000000000000000000000000000000': 0 pak files mounted, 0 remain pending
[2019.05.17-20.38.55:583][  0]LogPakFile: Registered encryption key '00000000000000000000000000000000': 0 pak files mounted, 0 remain pending
[2019.05.17-20.38.55:583][  0]LogPakFile: Registered encryption key '00000000000000000000000000000000': 0 pak files mounted, 0 remain pending
[2019.05.17-20.38.55:584][  0]LogPakFile: Registered encryption key '00000000000000000000000000000000': 0 pak files mounted, 0 remain pending
[2019.05.17-20.38.55:584][  0]LogPakFile: Registered encryption key '00000000000000000000000000000000': 0 pak files mounted, 0 remain pending
[2019.05.17-20.38.55:585][  0]LogPakFile: Registered encryption key '00000000000000000000000000000000': 0 pak files mounted, 0 remain pending
[2019.05.17-20.38.55:585][  0]LogPakFile: Registered encryption key '00000000000000000000000000000000': 0 pak files mounted, 0 remain pending
[2019.05.17-20.38.55:586][  0]LogPakFile: Registered encryption key '00000000000000000000000000000000': 0 pak files mounted, 0 remain pending
[2019.05.17-20.38.55:586][  0]LogPakFile: Registered encryption key '00000000000000000000000000000000': 0 pak files mounted, 0 remain pending
[2019.05.17-20.38.55:587][  0]LogPakFile: Registered encryption key '00000000000000000000000000000000': 0 pak files mounted, 0 remain pending
[2019.05.17-20.38.55:587][  0]LogPakFile: Registered encryption key '00000000000000000000000000000000': 0 pak files mounted, 0 remain pending
[2019.05.17-20.38.55:588][  0]LogPakFile: Registered encryption key '00000000000000000000000000000000': 0 pak files mounted, 0 remain pending
[2019.05.17-20.38.55:588][  0]LogPakFile: Registered encryption key '00000000000000000000000000000000': 0 pak files mounted, 0 remain pending
[2019.05.17-20.38.55:589][  0]LogPakFile: Registered encryption key '00000000000000000000000000000000': 0 pak files mounted, 0 remain pending
[2019.05.17-20.38.55:645][  0]LogContentBrowser: Native class hierarchy updated for 'AddContentDialog' in 0.0005 seconds. Added 0 classes and 0 folders.
[2019.05.17-20.38.55:656][  0]LogContentBrowser: Native class hierarchy updated for 'SceneOutliner' in 0.0009 seconds. Added 1 classes and 2 folders.
[2019.05.17-20.38.55:678][  0]LogSlate: Took 0.000206 seconds to synchronously load lazily loaded font '../../../Engine/Content/Slate/Fonts/Roboto-Regular.ttf' (155K)
[2019.05.17-20.38.55:680][  0]LogSlate: Took 0.000176 seconds to synchronously load lazily loaded font '../../../Engine/Content/Slate/Fonts/Roboto-Bold.ttf' (160K)
[2019.05.17-20.38.55:686][  0]LogSlate: Took 0.000292 seconds to synchronously load lazily loaded font '../../../Engine/Content/Editor/Slate/Fonts/FontAwesome.ttf' (139K)
[2019.05.17-20.38.55:755][  0]LogRenderer: Reallocating scene render targets to support 1208x572 Format 10 NumSamples 1 (Frame:1).
[2019.05.17-20.38.55:887][  0]LogContentBrowser: Native class hierarchy updated for 'HierarchicalLODOutliner' in 0.0004 seconds. Added 0 classes and 0 folders.
[2019.05.17-20.38.55:887][  0]LogLoad: (Engine Initialization) Total time: 9.62 seconds
[2019.05.17-20.38.55:887][  0]LogLoad: (Engine Initialization) Total Blueprint compile time: 0.00 seconds
[2019.05.17-20.38.55:924][  0]LogAssetRegistry: Asset discovery search completed in 4.8929 seconds
[2019.05.17-20.38.55:927][  0]LogCollectionManager: Rebuilt the object cache for 0 collections in 0.000000 seconds (found 0 objects)
[2019.05.17-20.38.55:927][  0]LogCollectionManager: Fixed up redirectors for 0 collections in 0.000046 seconds (updated 0 objects)
[2019.05.17-20.38.55:929][  0]LogContentStreaming: Texture pool size now 1000 MB
[2019.05.17-20.38.55:945][  0]LogSlate: Took 0.000256 seconds to synchronously load lazily loaded font '../../../Engine/Content/Slate/Fonts/Roboto-Light.ttf' (167K)
[2019.05.17-20.39.52:551][268]LogSlate: FSceneViewport::OnFocusLost() reason 0
[2019.05.17-20.39.52:623][275]Candidate modules for hot reload:
[2019.05.17-20.39.52:623][275]  ProceGen
[2019.05.17-20.39.52:623][275]Launching UnrealBuildTool... [C:/Program Files/Epic Games/UE_4.22/Engine/Binaries/DotNET/UnrealBuildTool.exe  -ModuleWithSuffix=ProceGen,4394 Win64 Development -TargetType=Editor -Project="C:/Users/u1218984/Documents/Unreal Projects/ProceGen/ProceGen.uproject" "C:/Users/u1218984/Documents/Unreal Projects/ProceGen/ProceGen.uproject"  -IgnoreJunk]
[2019.05.17-20.39.52:626][275]Warning: Starting HotReload took  0.0s.
[2019.05.17-20.40.05:292][770]CompilerResultsLog: New page: Compilation - May 17, 2019, 8:40:05 AM
[2019.05.17-20.40.05:292][770]CompilerResultsLog: Creating makefile for ProceGenEditor (ini files are newer than makefile)
[2019.05.17-20.40.05:292][770]CompilerResultsLog: Parsing headers for ProceGenEditor
[2019.05.17-20.40.05:292][770]CompilerResultsLog:   Running UnrealHeaderTool "C:\Users\u1218984\Documents\Unreal Projects\ProceGen\ProceGen.uproject" "C:\Users\u1218984\Documents\Unreal Projects\ProceGen\Intermediate\Build\Win64\ProceGenEditor\Development\ProceGenEditor.uhtmanifest" -LogCmds="loginit warning, logexit warning, logdatabase error" -Unattended -WarningsAsErrors -installed
[2019.05.17-20.40.05:292][770]CompilerResultsLog: Reflection code generated for ProceGenEditor in 7.3371813 seconds
[2019.05.17-20.40.05:292][770]CompilerResultsLog: Using Visual Studio 2017 14.16.27023 toolchain (C:\Program Files (x86)\Microsoft Visual Studio\2017\Enterprise\VC\Tools\MSVC\14.16.27023) and Windows 10.0.16299.0 SDK (C:\Program Files (x86)\Windows Kits\10).
[2019.05.17-20.40.05:292][770]CompilerResultsLog: Building 4 actions with 8 processes...
[2019.05.17-20.40.05:292][770]CompilerResultsLog:   [1/4] RoomBase.cpp
[2019.05.17-20.40.05:292][770]CompilerResultsLog:   [2/4] UE4Editor-ProceGen-4394.lib
[2019.05.17-20.40.05:292][770]CompilerResultsLog:      Creating library C:\Users\u1218984\Documents\Unreal Projects\ProceGen\Intermediate\Build\Win64\UE4Editor\Development\ProceGen\UE4Editor-ProceGen-4394.lib and object C:\Users\u1218984\Documents\Unreal Projects\ProceGen\Intermediate\Build\Win64\UE4Editor\Development\ProceGen\UE4Editor-ProceGen-4394.exp
[2019.05.17-20.40.05:292][770]CompilerResultsLog:   [3/4] UE4Editor-ProceGen-4394.dll
[2019.05.17-20.40.05:292][770]CompilerResultsLog:      Creating library C:\Users\u1218984\Documents\Unreal Projects\ProceGen\Intermediate\Build\Win64\UE4Editor\Development\ProceGen\UE4Editor-ProceGen-4394.suppressed.lib and object C:\Users\u1218984\Documents\Unreal Projects\ProceGen\Intermediate\Build\Win64\UE4Editor\Development\ProceGen\UE4Editor-ProceGen-4394.suppressed.exp
[2019.05.17-20.40.05:292][770]CompilerResultsLog:   [4/4] ProceGenEditor.target
[2019.05.17-20.40.05:292][770]CompilerResultsLog: Total time in Parallel executor: 2.79 seconds
[2019.05.17-20.40.05:292][770]CompilerResultsLog: Total execution time: 12.57 seconds
[2019.05.17-20.40.05:292][770]LogMainFrame: MainFrame: Module compiling took 12.672 seconds
[2019.05.17-20.40.05:317][770]LogUObjectHash: Compacting FUObjectHashTables data took   0.65ms
[2019.05.17-20.40.05:337][770]LogClass: AABB HotReload.
[2019.05.17-20.40.05:342][770]LogContentBrowser: Native class hierarchy updated for 'ProceGen' in 0.0004 seconds. Added 5 classes and 2 folders.
[2019.05.17-20.40.05:344][770]Display: HotReload successful (2 functions remapped  1 scriptstructs remapped)
[2019.05.17-20.40.05:458][770]LogUObjectHash: Compacting FUObjectHashTables data took   1.30ms
[2019.05.17-20.40.05:472][770]LogContentBrowser: Native class hierarchy populated in 0.0089 seconds. Added 2738 classes and 663 folders.
[2019.05.17-20.40.05:472][770]Display: HotReload took 12.9s.
[2019.05.17-20.40.09:032][ 79]LogTemp: Repeating last play command: Selected Viewport
[2019.05.17-20.40.09:043][ 79]LogBlueprintUserMessages: Early PlayInEditor Detection: Level '/Game/TopDownCPP/Maps/TopDownExampleMap.TopDownExampleMap:PersistentLevel' has LevelScriptBlueprint '/Game/TopDownCPP/Maps/TopDownExampleMap.TopDownExampleMap:PersistentLevel.TopDownExampleMap' with GeneratedClass '/Game/TopDownCPP/Maps/TopDownExampleMap.TopDownExampleMap_C' with ClassGeneratedBy '/Game/TopDownCPP/Maps/TopDownExampleMap.TopDownExampleMap:PersistentLevel.TopDownExampleMap'
[2019.05.17-20.40.09:043][ 79]LogPlayLevel: PlayLevel: No blueprints needed recompiling
[2019.05.17-20.40.09:043][ 79]PIE: New page: PIE session: TopDownExampleMap (May 17, 2019, 8:40:09 AM)
[2019.05.17-20.40.09:055][ 79]LogPlayLevel: Creating play world package: /Game/TopDownCPP/Maps/UEDPIE_0_TopDownExampleMap
[2019.05.17-20.40.09:073][ 79]LogPlayLevel: PIE: StaticDuplicateObject took: (0.017914s)
[2019.05.17-20.40.09:074][ 79]LogAIModule: Creating AISystem for world TopDownExampleMap
[2019.05.17-20.40.09:074][ 79]LogPlayLevel: PIE: World Init took: (0.000773s)
[2019.05.17-20.40.09:074][ 79]LogPlayLevel: PIE: Created PIE world by copying editor world from /Game/TopDownCPP/Maps/TopDownExampleMap.TopDownExampleMap to /Game/TopDownCPP/Maps/UEDPIE_0_TopDownExampleMap.TopDownExampleMap (0.018990s)
[2019.05.17-20.40.09:099][ 79]LogUObjectHash: Compacting FUObjectHashTables data took   1.25ms
[2019.05.17-20.40.09:120][ 79]LogInit: XAudio2 using 'Headphones (High Definition Audio Device)' : 2 channels at 48 kHz using 16 bits per sample (channel mask 0x3)
[2019.05.17-20.40.09:130][ 79]LogInit: FAudioDevice initialized.
[2019.05.17-20.40.09:171][ 79]LogLoad: Game class is 'ProceGenGameMode'
[2019.05.17-20.40.09:172][ 79]LogWorld: Bringing World /Game/TopDownCPP/Maps/UEDPIE_0_TopDownExampleMap.TopDownExampleMap up for play (max tick rate 0) at 2019.05.17-14.40.09
[2019.05.17-20.40.09:173][ 79]LogWorld: Bringing up level for play took: 0.000736
[2019.05.17-20.40.09:232][ 79]LogContentBrowser: Native class hierarchy updated for 'MovieSceneCapture' in 0.0004 seconds. Added 20 classes and 0 folders.
[2019.05.17-20.40.09:234][ 79]LogActor: Warning: BP_RoomBase_C /Game/TopDownCPP/Maps/UEDPIE_0_TopDownExampleMap.TopDownExampleMap:PersistentLevel.BP_RoomBase_C_0 has natively added scene component(s), but none of them were set as the actor's RootComponent - picking one arbitrarily
[2019.05.17-20.40.09:235][ 79]LogActor: Warning: BP_RoomBase_C /Game/TopDownCPP/Maps/UEDPIE_0_TopDownExampleMap.TopDownExampleMap:PersistentLevel.BP_RoomBase_C_1 has natively added scene component(s), but none of them were set as the actor's RootComponent - picking one arbitrarily
[2019.05.17-20.40.09:235][ 79]LogActor: Warning: BP_RoomBase_C /Game/TopDownCPP/Maps/UEDPIE_0_TopDownExampleMap.TopDownExampleMap:PersistentLevel.BP_RoomBase_C_2 has natively added scene component(s), but none of them were set as the actor's RootComponent - picking one arbitrarily
[2019.05.17-20.40.09:235][ 79]LogActor: Warning: BP_RoomBase_C /Game/TopDownCPP/Maps/UEDPIE_0_TopDownExampleMap.TopDownExampleMap:PersistentLevel.BP_RoomBase_C_3 has natively added scene component(s), but none of them were set as the actor's RootComponent - picking one arbitrarily
[2019.05.17-20.40.09:235][ 79]LogActor: Warning: BP_RoomBase_C /Game/TopDownCPP/Maps/UEDPIE_0_TopDownExampleMap.TopDownExampleMap:PersistentLevel.BP_RoomBase_C_4 has natively added scene component(s), but none of them were set as the actor's RootComponent - picking one arbitrarily
[2019.05.17-20.40.09:236][ 79]LogActor: Warning: BP_RoomBase_C /Game/TopDownCPP/Maps/UEDPIE_0_TopDownExampleMap.TopDownExampleMap:PersistentLevel.BP_RoomBase_C_5 has natively added scene component(s), but none of them were set as the actor's RootComponent - picking one arbitrarily
[2019.05.17-20.40.09:236][ 79]LogActor: Warning: BP_RoomBase_C /Game/TopDownCPP/Maps/UEDPIE_0_TopDownExampleMap.TopDownExampleMap:PersistentLevel.BP_RoomBase_C_6 has natively added scene component(s), but none of them were set as the actor's RootComponent - picking one arbitrarily
[2019.05.17-20.40.09:236][ 79]LogActor: Warning: BP_RoomBase_C /Game/TopDownCPP/Maps/UEDPIE_0_TopDownExampleMap.TopDownExampleMap:PersistentLevel.BP_RoomBase_C_7 has natively added scene component(s), but none of them were set as the actor's RootComponent - picking one arbitrarily
[2019.05.17-20.40.09:236][ 79]LogActor: Warning: BP_RoomBase_C /Game/TopDownCPP/Maps/UEDPIE_0_TopDownExampleMap.TopDownExampleMap:PersistentLevel.BP_RoomBase_C_8 has natively added scene component(s), but none of them were set as the actor's RootComponent - picking one arbitrarily
[2019.05.17-20.40.09:236][ 79]LogActor: Warning: BP_RoomBase_C /Game/TopDownCPP/Maps/UEDPIE_0_TopDownExampleMap.TopDownExampleMap:PersistentLevel.BP_RoomBase_C_9 has natively added scene component(s), but none of them were set as the actor's RootComponent - picking one arbitrarily
[2019.05.17-20.40.09:236][ 79]PIE: Play in editor start time for /Game/TopDownCPP/Maps/UEDPIE_0_TopDownExampleMap 0.109
[2019.05.17-20.40.09:237][ 79]LogBlueprintUserMessages: Late PlayInEditor Detection: Level '/Game/TopDownCPP/Maps/TopDownExampleMap.TopDownExampleMap:PersistentLevel' has LevelScriptBlueprint '/Game/TopDownCPP/Maps/TopDownExampleMap.TopDownExampleMap:PersistentLevel.TopDownExampleMap' with GeneratedClass '/Game/TopDownCPP/Maps/TopDownExampleMap.TopDownExampleMap_C' with ClassGeneratedBy '/Game/TopDownCPP/Maps/TopDownExampleMap.TopDownExampleMap:PersistentLevel.TopDownExampleMap'
[2019.05.17-20.40.15:064][773]LogBlueprintUserMessages: Early EndPlayMap Detection: Level '/Game/TopDownCPP/Maps/TopDownExampleMap.TopDownExampleMap:PersistentLevel' has LevelScriptBlueprint '/Game/TopDownCPP/Maps/TopDownExampleMap.TopDownExampleMap:PersistentLevel.TopDownExampleMap' with GeneratedClass '/Game/TopDownCPP/Maps/TopDownExampleMap.TopDownExampleMap_C' with ClassGeneratedBy '/Game/TopDownCPP/Maps/TopDownExampleMap.TopDownExampleMap:PersistentLevel.TopDownExampleMap'
[2019.05.17-20.40.15:064][773]LogSlate: Updating window title bar state: overlay mode, drag disabled, window buttons hidden, title bar hidden
[2019.05.17-20.40.15:096][773]LogPlayLevel: Display: Shutting down PIE online subsystems
[2019.05.17-20.40.15:096][773]LogBlueprintUserMessages: Late EndPlayMap Detection: Level '/Game/TopDownCPP/Maps/TopDownExampleMap.TopDownExampleMap:PersistentLevel' has LevelScriptBlueprint '/Game/TopDownCPP/Maps/TopDownExampleMap.TopDownExampleMap:PersistentLevel.TopDownExampleMap' with GeneratedClass '/Game/TopDownCPP/Maps/TopDownExampleMap.TopDownExampleMap_C' with ClassGeneratedBy '/Game/TopDownCPP/Maps/TopDownExampleMap.TopDownExampleMap:PersistentLevel.TopDownExampleMap'
[2019.05.17-20.40.15:121][773]LogSlate: Updating window title bar state: overlay mode, drag disabled, window buttons hidden, title bar hidden
[2019.05.17-20.40.15:124][773]LogUObjectHash: Compacting FUObjectHashTables data took   1.57ms
[2019.05.17-20.40.15:171][778]LogPlayLevel: Display: Destroying online subsystem :Context_1
[2019.05.17-20.40.25:547][ 19]LogSlate: Took 0.000209 seconds to synchronously load lazily loaded font '../../../Engine/Content/Slate/Fonts/Roboto-Light.ttf' (167K)
[2019.05.17-20.40.33:640][972]LogUObjectHash: Compacting FUObjectHashTables data took   0.64ms
[2019.05.17-20.40.33:753][972]LogSavePackage: Moving '../../../../../../Users/u1218984/Documents/Unreal Projects/ProceGen/Saved/TopDownExampleMapFA38452647DCF3992F76C381108464F6.tmp' to '../../../../../../Users/u1218984/Documents/Unreal Projects/ProceGen/Content/TopDownCPP/Maps/TopDownExampleMap.umap'
[2019.05.17-20.40.33:846][972]LogSavePackage: Moving '../../../../../../Users/u1218984/Documents/Unreal Projects/ProceGen/Saved/TopDownExampleMap_BuiltData700B8E0A430302BC7FBABEBC950F55FB.tmp' to '../../../../../../Users/u1218984/Documents/Unreal Projects/ProceGen/Content/TopDownCPP/Maps/TopDownExampleMap_BuiltData.uasset'
[2019.05.17-20.40.37:074][357]LogTemp: Repeating last play command: Selected Viewport
[2019.05.17-20.40.37:082][357]LogBlueprintUserMessages: Early PlayInEditor Detection: Level '/Game/TopDownCPP/Maps/TopDownExampleMap.TopDownExampleMap:PersistentLevel' has LevelScriptBlueprint '/Game/TopDownCPP/Maps/TopDownExampleMap.TopDownExampleMap:PersistentLevel.TopDownExampleMap' with GeneratedClass '/Game/TopDownCPP/Maps/TopDownExampleMap.TopDownExampleMap_C' with ClassGeneratedBy '/Game/TopDownCPP/Maps/TopDownExampleMap.TopDownExampleMap:PersistentLevel.TopDownExampleMap'
[2019.05.17-20.40.37:082][357]LogPlayLevel: PlayLevel: No blueprints needed recompiling
[2019.05.17-20.40.37:082][357]PIE: New page: PIE session: TopDownExampleMap (May 17, 2019, 8:40:37 AM)
[2019.05.17-20.40.37:082][357]LogPlayLevel: Creating play world package: /Game/TopDownCPP/Maps/UEDPIE_0_TopDownExampleMap
[2019.05.17-20.40.37:098][357]LogPlayLevel: PIE: StaticDuplicateObject took: (0.015150s)
[2019.05.17-20.40.37:098][357]LogAIModule: Creating AISystem for world TopDownExampleMap
[2019.05.17-20.40.37:099][357]LogPlayLevel: PIE: World Init took: (0.000817s)
[2019.05.17-20.40.37:099][357]LogPlayLevel: PIE: Created PIE world by copying editor world from /Game/TopDownCPP/Maps/TopDownExampleMap.TopDownExampleMap to /Game/TopDownCPP/Maps/UEDPIE_0_TopDownExampleMap.TopDownExampleMap (0.016124s)
[2019.05.17-20.40.37:123][357]LogUObjectHash: Compacting FUObjectHashTables data took   1.65ms
[2019.05.17-20.40.37:145][357]LogInit: XAudio2 using 'Headphones (High Definition Audio Device)' : 2 channels at 48 kHz using 16 bits per sample (channel mask 0x3)
[2019.05.17-20.40.37:154][357]LogInit: FAudioDevice initialized.
[2019.05.17-20.40.37:185][357]LogLoad: Game class is 'ProceGenGameMode'
[2019.05.17-20.40.37:186][357]LogWorld: Bringing World /Game/TopDownCPP/Maps/UEDPIE_0_TopDownExampleMap.TopDownExampleMap up for play (max tick rate 0) at 2019.05.17-14.40.37
[2019.05.17-20.40.37:186][357]LogWorld: Bringing up level for play took: 0.000575
[2019.05.17-20.40.37:199][357]LogActor: Warning: RoomBase /Game/TopDownCPP/Maps/UEDPIE_0_TopDownExampleMap.TopDownExampleMap:PersistentLevel.RoomBase_0 has natively added scene component(s), but none of them were set as the actor's RootComponent - picking one arbitrarily
[2019.05.17-20.40.37:199][357]LogActor: Warning: RoomBase /Game/TopDownCPP/Maps/UEDPIE_0_TopDownExampleMap.TopDownExampleMap:PersistentLevel.RoomBase_1 has natively added scene component(s), but none of them were set as the actor's RootComponent - picking one arbitrarily
[2019.05.17-20.40.37:199][357]LogActor: Warning: RoomBase /Game/TopDownCPP/Maps/UEDPIE_0_TopDownExampleMap.TopDownExampleMap:PersistentLevel.RoomBase_2 has natively added scene component(s), but none of them were set as the actor's RootComponent - picking one arbitrarily
[2019.05.17-20.40.37:199][357]LogActor: Warning: RoomBase /Game/TopDownCPP/Maps/UEDPIE_0_TopDownExampleMap.TopDownExampleMap:PersistentLevel.RoomBase_3 has natively added scene component(s), but none of them were set as the actor's RootComponent - picking one arbitrarily
[2019.05.17-20.40.37:199][357]LogActor: Warning: RoomBase /Game/TopDownCPP/Maps/UEDPIE_0_TopDownExampleMap.TopDownExampleMap:PersistentLevel.RoomBase_4 has natively added scene component(s), but none of them were set as the actor's RootComponent - picking one arbitrarily
[2019.05.17-20.40.37:200][357]LogActor: Warning: RoomBase /Game/TopDownCPP/Maps/UEDPIE_0_TopDownExampleMap.TopDownExampleMap:PersistentLevel.RoomBase_5 has natively added scene component(s), but none of them were set as the actor's RootComponent - picking one arbitrarily
[2019.05.17-20.40.37:200][357]LogActor: Warning: RoomBase /Game/TopDownCPP/Maps/UEDPIE_0_TopDownExampleMap.TopDownExampleMap:PersistentLevel.RoomBase_6 has natively added scene component(s), but none of them were set as the actor's RootComponent - picking one arbitrarily
[2019.05.17-20.40.37:200][357]LogActor: Warning: RoomBase /Game/TopDownCPP/Maps/UEDPIE_0_TopDownExampleMap.TopDownExampleMap:PersistentLevel.RoomBase_7 has natively added scene component(s), but none of them were set as the actor's RootComponent - picking one arbitrarily
[2019.05.17-20.40.37:200][357]LogActor: Warning: RoomBase /Game/TopDownCPP/Maps/UEDPIE_0_TopDownExampleMap.TopDownExampleMap:PersistentLevel.RoomBase_8 has natively added scene component(s), but none of them were set as the actor's RootComponent - picking one arbitrarily
[2019.05.17-20.40.37:200][357]LogActor: Warning: RoomBase /Game/TopDownCPP/Maps/UEDPIE_0_TopDownExampleMap.TopDownExampleMap:PersistentLevel.RoomBase_9 has natively added scene component(s), but none of them were set as the actor's RootComponent - picking one arbitrarily
[2019.05.17-20.40.37:200][357]PIE: Play in editor start time for /Game/TopDownCPP/Maps/UEDPIE_0_TopDownExampleMap 0.073
[2019.05.17-20.40.37:201][357]LogBlueprintUserMessages: Late PlayInEditor Detection: Level '/Game/TopDownCPP/Maps/TopDownExampleMap.TopDownExampleMap:PersistentLevel' has LevelScriptBlueprint '/Game/TopDownCPP/Maps/TopDownExampleMap.TopDownExampleMap:PersistentLevel.TopDownExampleMap' with GeneratedClass '/Game/TopDownCPP/Maps/TopDownExampleMap.TopDownExampleMap_C' with ClassGeneratedBy '/Game/TopDownCPP/Maps/TopDownExampleMap.TopDownExampleMap:PersistentLevel.TopDownExampleMap'
[2019.05.17-20.40.40:716][768]LogEditorViewport: Clicking on Actor (LMB): RoomBase (RoomBase6)
[2019.05.17-20.40.49:256][677]LogEditorViewport: Clicking on Actor (LMB): RoomBase (RoomBase4)
[2019.05.17-20.40.54:084][103]LogEditorViewport: Clicking on Actor (LMB): RoomBase (RoomBase5)
[2019.05.17-20.40.54:837][177]LogEditorViewport: Clicking on Actor (LMB): RoomBase (RoomBase4)
[2019.05.17-20.40.57:022][376]LogEditorViewport: Clicking on Actor (LMB): RoomBase (RoomBase5)
[2019.05.17-20.40.57:674][438]LogEditorViewport: Clicking on Actor (LMB): RoomBase (RoomBase4)
[2019.05.17-20.41.30:860][702]LogSlate: FSceneViewport::OnFocusLost() reason 0
[2019.05.17-20.41.30:921][709]LogBlueprintUserMessages: Early EndPlayMap Detection: Level '/Game/TopDownCPP/Maps/TopDownExampleMap.TopDownExampleMap:PersistentLevel' has LevelScriptBlueprint '/Game/TopDownCPP/Maps/TopDownExampleMap.TopDownExampleMap:PersistentLevel.TopDownExampleMap' with GeneratedClass '/Game/TopDownCPP/Maps/TopDownExampleMap.TopDownExampleMap_C' with ClassGeneratedBy '/Game/TopDownCPP/Maps/TopDownExampleMap.TopDownExampleMap:PersistentLevel.TopDownExampleMap'
[2019.05.17-20.41.30:921][709]LogSlate: Updating window title bar state: overlay mode, drag disabled, window buttons hidden, title bar hidden
[2019.05.17-20.41.30:947][709]LogPlayLevel: Display: Shutting down PIE online subsystems
[2019.05.17-20.41.30:947][709]LogBlueprintUserMessages: Late EndPlayMap Detection: Level '/Game/TopDownCPP/Maps/TopDownExampleMap.TopDownExampleMap:PersistentLevel' has LevelScriptBlueprint '/Game/TopDownCPP/Maps/TopDownExampleMap.TopDownExampleMap:PersistentLevel.TopDownExampleMap' with GeneratedClass '/Game/TopDownCPP/Maps/TopDownExampleMap.TopDownExampleMap_C' with ClassGeneratedBy '/Game/TopDownCPP/Maps/TopDownExampleMap.TopDownExampleMap:PersistentLevel.TopDownExampleMap'
[2019.05.17-20.41.30:972][709]LogSlate: Updating window title bar state: overlay mode, drag disabled, window buttons hidden, title bar hidden
[2019.05.17-20.41.30:975][709]LogUObjectHash: Compacting FUObjectHashTables data took   1.62ms
[2019.05.17-20.41.31:023][714]LogPlayLevel: Display: Destroying online subsystem :Context_2
[2019.05.17-20.41.59:848][960]LogHotReload: New module detected: UE4Editor-ProceGen-0006.dll
[2019.05.17-20.42.00:864][964]LogHotReload: Starting Hot-Reload from IDE
[2019.05.17-20.42.00:897][964]LogUObjectHash: Compacting FUObjectHashTables data took   0.54ms
[2019.05.17-20.42.00:915][964]LogClass: AABB HotReload.
[2019.05.17-20.42.00:920][964]LogHotReload: Re-instancing RoomBase after hot-reload.
[2019.05.17-20.42.00:988][964]LogContentBrowser: Native class hierarchy updated for 'ProceGen' in 0.0005 seconds. Added 5 classes and 2 folders.
[2019.05.17-20.42.00:990][964]Display: HotReload successful (2 functions remapped  1 scriptstructs remapped)
[2019.05.17-20.42.01:038][964]LogUObjectHash: Compacting FUObjectHashTables data took   1.69ms
[2019.05.17-20.42.01:051][964]LogContentBrowser: Native class hierarchy populated in 0.0092 seconds. Added 2738 classes and 663 folders.
[2019.05.17-20.42.01:054][964]Display: HotReload took  0.2s.
[2019.05.17-20.42.05:708][156]LogTemp: Repeating last play command: Selected Viewport
[2019.05.17-20.42.05:718][156]LogBlueprintUserMessages: Early PlayInEditor Detection: Level '/Game/TopDownCPP/Maps/TopDownExampleMap.TopDownExampleMap:PersistentLevel' has LevelScriptBlueprint '/Game/TopDownCPP/Maps/TopDownExampleMap.TopDownExampleMap:PersistentLevel.TopDownExampleMap' with GeneratedClass '/Game/TopDownCPP/Maps/TopDownExampleMap.TopDownExampleMap_C' with ClassGeneratedBy '/Game/TopDownCPP/Maps/TopDownExampleMap.TopDownExampleMap:PersistentLevel.TopDownExampleMap'
[2019.05.17-20.42.05:718][156]LogPlayLevel: PlayLevel: No blueprints needed recompiling
[2019.05.17-20.42.05:718][156]PIE: New page: PIE session: TopDownExampleMap (May 17, 2019, 8:42:05 AM)
[2019.05.17-20.42.05:718][156]LogPlayLevel: Creating play world package: /Game/TopDownCPP/Maps/UEDPIE_0_TopDownExampleMap
[2019.05.17-20.42.05:737][156]LogPlayLevel: PIE: StaticDuplicateObject took: (0.018419s)
[2019.05.17-20.42.05:737][156]LogAIModule: Creating AISystem for world TopDownExampleMap
[2019.05.17-20.42.05:738][156]LogPlayLevel: PIE: World Init took: (0.000752s)
[2019.05.17-20.42.05:738][156]LogPlayLevel: PIE: Created PIE world by copying editor world from /Game/TopDownCPP/Maps/TopDownExampleMap.TopDownExampleMap to /Game/TopDownCPP/Maps/UEDPIE_0_TopDownExampleMap.TopDownExampleMap (0.019327s)
[2019.05.17-20.42.05:761][156]LogUObjectHash: Compacting FUObjectHashTables data took   1.15ms
[2019.05.17-20.42.05:783][156]LogInit: XAudio2 using 'Headphones (High Definition Audio Device)' : 2 channels at 48 kHz using 16 bits per sample (channel mask 0x3)
[2019.05.17-20.42.05:793][156]LogInit: FAudioDevice initialized.
[2019.05.17-20.42.05:818][156]LogLoad: Game class is 'ProceGenGameMode'
[2019.05.17-20.42.05:819][156]LogWorld: Bringing World /Game/TopDownCPP/Maps/UEDPIE_0_TopDownExampleMap.TopDownExampleMap up for play (max tick rate 0) at 2019.05.17-14.42.05
[2019.05.17-20.42.05:820][156]LogWorld: Bringing up level for play took: 0.000606
[2019.05.17-20.42.05:832][156]LogActor: Warning: RoomBase /Game/TopDownCPP/Maps/UEDPIE_0_TopDownExampleMap.TopDownExampleMap:PersistentLevel.RoomBase_0 has natively added scene component(s), but none of them were set as the actor's RootComponent - picking one arbitrarily
[2019.05.17-20.42.05:832][156]LogActor: Warning: RoomBase /Game/TopDownCPP/Maps/UEDPIE_0_TopDownExampleMap.TopDownExampleMap:PersistentLevel.RoomBase_1 has natively added scene component(s), but none of them were set as the actor's RootComponent - picking one arbitrarily
[2019.05.17-20.42.05:832][156]LogActor: Warning: RoomBase /Game/TopDownCPP/Maps/UEDPIE_0_TopDownExampleMap.TopDownExampleMap:PersistentLevel.RoomBase_2 has natively added scene component(s), but none of them were set as the actor's RootComponent - picking one arbitrarily
[2019.05.17-20.42.05:833][156]LogActor: Warning: RoomBase /Game/TopDownCPP/Maps/UEDPIE_0_TopDownExampleMap.TopDownExampleMap:PersistentLevel.RoomBase_3 has natively added scene component(s), but none of them were set as the actor's RootComponent - picking one arbitrarily
[2019.05.17-20.42.05:833][156]LogActor: Warning: RoomBase /Game/TopDownCPP/Maps/UEDPIE_0_TopDownExampleMap.TopDownExampleMap:PersistentLevel.RoomBase_4 has natively added scene component(s), but none of them were set as the actor's RootComponent - picking one arbitrarily
[2019.05.17-20.42.05:833][156]LogActor: Warning: RoomBase /Game/TopDownCPP/Maps/UEDPIE_0_TopDownExampleMap.TopDownExampleMap:PersistentLevel.RoomBase_5 has natively added scene component(s), but none of them were set as the actor's RootComponent - picking one arbitrarily
[2019.05.17-20.42.05:833][156]LogActor: Warning: RoomBase /Game/TopDownCPP/Maps/UEDPIE_0_TopDownExampleMap.TopDownExampleMap:PersistentLevel.RoomBase_6 has natively added scene component(s), but none of them were set as the actor's RootComponent - picking one arbitrarily
[2019.05.17-20.42.05:833][156]LogActor: Warning: RoomBase /Game/TopDownCPP/Maps/UEDPIE_0_TopDownExampleMap.TopDownExampleMap:PersistentLevel.RoomBase_7 has natively added scene component(s), but none of them were set as the actor's RootComponent - picking one arbitrarily
[2019.05.17-20.42.05:833][156]LogActor: Warning: RoomBase /Game/TopDownCPP/Maps/UEDPIE_0_TopDownExampleMap.TopDownExampleMap:PersistentLevel.RoomBase_8 has natively added scene component(s), but none of them were set as the actor's RootComponent - picking one arbitrarily
[2019.05.17-20.42.05:833][156]LogActor: Warning: RoomBase /Game/TopDownCPP/Maps/UEDPIE_0_TopDownExampleMap.TopDownExampleMap:PersistentLevel.RoomBase_9 has natively added scene component(s), but none of them were set as the actor's RootComponent - picking one arbitrarily
[2019.05.17-20.42.05:834][156]PIE: Play in editor start time for /Game/TopDownCPP/Maps/UEDPIE_0_TopDownExampleMap 0.707
[2019.05.17-20.42.05:834][156]LogBlueprintUserMessages: Late PlayInEditor Detection: Level '/Game/TopDownCPP/Maps/TopDownExampleMap.TopDownExampleMap:PersistentLevel' has LevelScriptBlueprint '/Game/TopDownCPP/Maps/TopDownExampleMap.TopDownExampleMap:PersistentLevel.TopDownExampleMap' with GeneratedClass '/Game/TopDownCPP/Maps/TopDownExampleMap.TopDownExampleMap_C' with ClassGeneratedBy '/Game/TopDownCPP/Maps/TopDownExampleMap.TopDownExampleMap:PersistentLevel.TopDownExampleMap'
[2019.05.17-20.42.22:673][464]LogSlate: FSceneViewport::OnFocusLost() reason 0
[2019.05.17-20.42.23:237][523]LogEditorViewport: Clicking on Actor (LMB): RoomBase (RoomBase)
[2019.05.17-20.42.28:478][ 51]LogEditorViewport: Clicking on Actor (LMB): RoomBase (RoomBase7)
[2019.05.17-20.42.29:590][149]LogEditorViewport: Clicking on Actor (LMB): RoomBase (RoomBase)
[2019.05.17-20.42.31:658][380]LogSlate: FSceneViewport::OnFocusLost() reason 0
[2019.05.17-20.42.31:785][395]LogBlueprintUserMessages: Early EndPlayMap Detection: Level '/Game/TopDownCPP/Maps/TopDownExampleMap.TopDownExampleMap:PersistentLevel' has LevelScriptBlueprint '/Game/TopDownCPP/Maps/TopDownExampleMap.TopDownExampleMap:PersistentLevel.TopDownExampleMap' with GeneratedClass '/Game/TopDownCPP/Maps/TopDownExampleMap.TopDownExampleMap_C' with ClassGeneratedBy '/Game/TopDownCPP/Maps/TopDownExampleMap.TopDownExampleMap:PersistentLevel.TopDownExampleMap'
[2019.05.17-20.42.31:785][395]LogSlate: Updating window title bar state: overlay mode, drag disabled, window buttons hidden, title bar hidden
[2019.05.17-20.42.31:816][395]LogPlayLevel: Display: Shutting down PIE online subsystems
[2019.05.17-20.42.31:816][395]LogBlueprintUserMessages: Late EndPlayMap Detection: Level '/Game/TopDownCPP/Maps/TopDownExampleMap.TopDownExampleMap:PersistentLevel' has LevelScriptBlueprint '/Game/TopDownCPP/Maps/TopDownExampleMap.TopDownExampleMap:PersistentLevel.TopDownExampleMap' with GeneratedClass '/Game/TopDownCPP/Maps/TopDownExampleMap.TopDownExampleMap_C' with ClassGeneratedBy '/Game/TopDownCPP/Maps/TopDownExampleMap.TopDownExampleMap:PersistentLevel.TopDownExampleMap'
[2019.05.17-20.42.31:843][395]LogSlate: Updating window title bar state: overlay mode, drag disabled, window buttons hidden, title bar hidden
[2019.05.17-20.42.31:846][395]LogUObjectHash: Compacting FUObjectHashTables data took   1.24ms
[2019.05.17-20.42.31:889][398]LogPlayLevel: Display: Destroying online subsystem :Context_5
[2019.05.17-20.49.02:556][753]Candidate modules for hot reload:
[2019.05.17-20.49.02:556][753]  ProceGen
[2019.05.17-20.49.02:556][753]Launching UnrealBuildTool... [C:/Program Files/Epic Games/UE_4.22/Engine/Binaries/DotNET/UnrealBuildTool.exe  -ModuleWithSuffix=ProceGen,4742 Win64 Development -TargetType=Editor -Project="C:/Users/u1218984/Documents/Unreal Projects/ProceGen/ProceGen.uproject" "C:/Users/u1218984/Documents/Unreal Projects/ProceGen/ProceGen.uproject"  -IgnoreJunk]
[2019.05.17-20.49.02:559][753]Warning: Starting HotReload took  0.0s.
[2019.05.17-20.49.15:416][272]CompilerResultsLog: New page: Compilation - May 17, 2019, 8:49:15 AM
[2019.05.17-20.49.15:417][272]CompilerResultsLog: Creating makefile for ProceGenEditor (ini files are newer than makefile)
[2019.05.17-20.49.15:417][272]CompilerResultsLog: Parsing headers for ProceGenEditor
[2019.05.17-20.49.15:417][272]CompilerResultsLog:   Running UnrealHeaderTool "C:\Users\u1218984\Documents\Unreal Projects\ProceGen\ProceGen.uproject" "C:\Users\u1218984\Documents\Unreal Projects\ProceGen\Intermediate\Build\Win64\ProceGenEditor\Development\ProceGenEditor.uhtmanifest" -LogCmds="loginit warning, logexit warning, logdatabase error" -Unattended -WarningsAsErrors -installed
[2019.05.17-20.49.15:417][272]CompilerResultsLog: Reflection code generated for ProceGenEditor in 7.5568503 seconds
[2019.05.17-20.49.15:417][272]CompilerResultsLog: Using Visual Studio 2017 14.16.27023 toolchain (C:\Program Files (x86)\Microsoft Visual Studio\2017\Enterprise\VC\Tools\MSVC\14.16.27023) and Windows 10.0.16299.0 SDK (C:\Program Files (x86)\Windows Kits\10).
[2019.05.17-20.49.15:417][272]CompilerResultsLog: Building 7 actions with 8 processes...
[2019.05.17-20.49.15:417][272]CompilerResultsLog:   [1/7] ProceGen.init.gen.cpp
[2019.05.17-20.49.15:417][272]CompilerResultsLog:   [2/7] MapGeneartor.cpp
[2019.05.17-20.49.15:417][272]CompilerResultsLog:   [3/7] RoomBase.gen.cpp
[2019.05.17-20.49.15:417][272]CompilerResultsLog:   [4/7] RoomBase.cpp
[2019.05.17-20.49.15:417][272]CompilerResultsLog:   [5/7] UE4Editor-ProceGen-4742.lib
[2019.05.17-20.49.15:417][272]CompilerResultsLog:      Creating library C:\Users\u1218984\Documents\Unreal Projects\ProceGen\Intermediate\Build\Win64\UE4Editor\Development\ProceGen\UE4Editor-ProceGen-4742.lib and object C:\Users\u1218984\Documents\Unreal Projects\ProceGen\Intermediate\Build\Win64\UE4Editor\Development\ProceGen\UE4Editor-ProceGen-4742.exp
[2019.05.17-20.49.15:417][272]CompilerResultsLog:   [6/7] UE4Editor-ProceGen-4742.dll
[2019.05.17-20.49.15:417][272]CompilerResultsLog:      Creating library C:\Users\u1218984\Documents\Unreal Projects\ProceGen\Intermediate\Build\Win64\UE4Editor\Development\ProceGen\UE4Editor-ProceGen-4742.suppressed.lib and object C:\Users\u1218984\Documents\Unreal Projects\ProceGen\Intermediate\Build\Win64\UE4Editor\Development\ProceGen\UE4Editor-ProceGen-4742.suppressed.exp
[2019.05.17-20.49.15:417][272]CompilerResultsLog:   [7/7] ProceGenEditor.target
[2019.05.17-20.49.15:417][272]CompilerResultsLog: Total time in Parallel executor: 2.80 seconds
[2019.05.17-20.49.15:417][272]CompilerResultsLog: Total execution time: 12.77 seconds
[2019.05.17-20.49.15:417][272]LogMainFrame: MainFrame: Module compiling took 12.863 seconds
[2019.05.17-20.49.15:439][272]LogUObjectHash: Compacting FUObjectHashTables data took   0.73ms
[2019.05.17-20.49.15:458][272]LogClass: Could not find existing class RoomBase in package /Script/ProceGen for HotReload, assuming new class
[2019.05.17-20.49.15:458][272]LogClass: Function OnBeginOverlap is new.
[2019.05.17-20.49.15:458][272]LogClass: Function OnEndOverlap is new.
[2019.05.17-20.49.15:458][272]LogClass: AABB HotReload.
[2019.05.17-20.49.15:459][272]LogHotReload: Re-instancing MapGeneartor after hot-reload.
[2019.05.17-20.49.15:544][272]LogHotReload: Re-instancing RoomBase after hot-reload.
[2019.05.17-20.49.15:613][272]LogContentBrowser: Native class hierarchy updated for 'ProceGen' in 0.0006 seconds. Added 5 classes and 2 folders.
[2019.05.17-20.49.15:615][272]Display: HotReload successful (0 functions remapped  1 scriptstructs remapped)
[2019.05.17-20.49.15:662][272]LogUObjectHash: Compacting FUObjectHashTables data took   1.71ms
[2019.05.17-20.49.15:675][272]LogContentBrowser: Native class hierarchy populated in 0.0083 seconds. Added 2738 classes and 663 folders.
[2019.05.17-20.49.15:675][272]Display: HotReload took 13.1s.
[2019.05.17-20.49.18:317][585]LogUObjectHash: Compacting FUObjectHashTables data took   0.69ms
[2019.05.17-20.49.18:431][585]LogSavePackage: Moving '../../../../../../Users/u1218984/Documents/Unreal Projects/ProceGen/Saved/TopDownExampleMapFDEE797E461F537607C4F3ADEEF431C7.tmp' to '../../../../../../Users/u1218984/Documents/Unreal Projects/ProceGen/Content/TopDownCPP/Maps/TopDownExampleMap.umap'
[2019.05.17-20.49.18:508][585]LogSavePackage: Moving '../../../../../../Users/u1218984/Documents/Unreal Projects/ProceGen/Saved/TopDownExampleMap_BuiltData67C4E1F14CD180254ADFC99C6EAF3E05.tmp' to '../../../../../../Users/u1218984/Documents/Unreal Projects/ProceGen/Content/TopDownCPP/Maps/TopDownExampleMap_BuiltData.uasset'
[2019.05.17-20.49.20:068][770]LogTemp: Repeating last play command: Selected Viewport
[2019.05.17-20.49.20:079][770]LogBlueprintUserMessages: Early PlayInEditor Detection: Level '/Game/TopDownCPP/Maps/TopDownExampleMap.TopDownExampleMap:PersistentLevel' has LevelScriptBlueprint '/Game/TopDownCPP/Maps/TopDownExampleMap.TopDownExampleMap:PersistentLevel.TopDownExampleMap' with GeneratedClass '/Game/TopDownCPP/Maps/TopDownExampleMap.TopDownExampleMap_C' with ClassGeneratedBy '/Game/TopDownCPP/Maps/TopDownExampleMap.TopDownExampleMap:PersistentLevel.TopDownExampleMap'
[2019.05.17-20.49.20:079][770]LogPlayLevel: PlayLevel: No blueprints needed recompiling
[2019.05.17-20.49.20:079][770]PIE: New page: PIE session: TopDownExampleMap (May 17, 2019, 8:49:20 AM)
[2019.05.17-20.49.20:079][770]LogPlayLevel: Creating play world package: /Game/TopDownCPP/Maps/UEDPIE_0_TopDownExampleMap
[2019.05.17-20.49.20:093][770]LogPlayLevel: PIE: StaticDuplicateObject took: (0.014163s)
[2019.05.17-20.49.20:094][770]LogAIModule: Creating AISystem for world TopDownExampleMap
[2019.05.17-20.49.20:094][770]LogPlayLevel: PIE: World Init took: (0.000850s)
[2019.05.17-20.49.20:094][770]LogPlayLevel: PIE: Created PIE world by copying editor world from /Game/TopDownCPP/Maps/TopDownExampleMap.TopDownExampleMap to /Game/TopDownCPP/Maps/UEDPIE_0_TopDownExampleMap.TopDownExampleMap (0.015165s)
[2019.05.17-20.49.20:120][770]LogUObjectHash: Compacting FUObjectHashTables data took   1.80ms
[2019.05.17-20.49.20:141][770]LogInit: XAudio2 using 'Headphones (High Definition Audio Device)' : 2 channels at 48 kHz using 16 bits per sample (channel mask 0x3)
[2019.05.17-20.49.20:151][770]LogInit: FAudioDevice initialized.
[2019.05.17-20.49.20:181][770]LogLoad: Game class is 'ProceGenGameMode'
[2019.05.17-20.49.20:182][770]LogWorld: Bringing World /Game/TopDownCPP/Maps/UEDPIE_0_TopDownExampleMap.TopDownExampleMap up for play (max tick rate 0) at 2019.05.17-14.49.20
[2019.05.17-20.49.20:182][770]LogWorld: Bringing up level for play took: 0.000678
[2019.05.17-20.49.20:195][770]LogSpawn: Warning: SpawnActor failed because no class was specified
[2019.05.17-20.49.21:480][770]LogWindows: Error: === Critical error: ===
[2019.05.17-20.49.21:480][770]LogWindows: Error: 
[2019.05.17-20.49.21:480][770]LogWindows: Error: Fatal error!
[2019.05.17-20.49.21:480][770]LogWindows: Error: 
[2019.05.17-20.49.21:480][770]LogWindows: Error: Unhandled Exception: EXCEPTION_ACCESS_VIOLATION writing address 0x00000404
[2019.05.17-20.49.21:480][770]LogWindows: Error: 
[2019.05.17-20.49.21:480][770]LogWindows: Error: [Callstack] 0x00007ffb556c7a7e UE4Editor-ProceGen-4742.dll!ARoomBase::SetPositionAndScale() [c:\users\u1218984\documents\unreal projects\procegen\source\procegen\roombase.cpp:75]
[2019.05.17-20.49.21:480][770]LogWindows: Error: [Callstack] 0x00007ffb556c2775 UE4Editor-ProceGen-4742.dll!AMapGeneartor::BeginPlay() [c:\users\u1218984\documents\unreal projects\procegen\source\procegen\mapgeneartor.cpp:36]
[2019.05.17-20.49.21:480][770]LogWindows: Error: [Callstack] 0x00007ffb6b7c1af6 UE4Editor-Engine.dll!UnknownFunction []
[2019.05.17-20.49.21:480][770]LogWindows: Error: [Callstack] 0x00007ffb6c8dc559 UE4Editor-Engine.dll!UnknownFunction []
[2019.05.17-20.49.21:480][770]LogWindows: Error: [Callstack] 0x00007ffb6be42721 UE4Editor-Engine.dll!UnknownFunction []
[2019.05.17-20.49.21:480][770]LogWindows: Error: [Callstack] 0x00007ffb6c896fbe UE4Editor-Engine.dll!UnknownFunction []
[2019.05.17-20.49.21:480][770]LogWindows: Error: [Callstack] 0x00007ffb6be097bf UE4Editor-Engine.dll!UnknownFunction []
[2019.05.17-20.49.21:480][770]LogWindows: Error: [Callstack] 0x00007ffb6a83b924 UE4Editor-UnrealEd.dll!UnknownFunction []
[2019.05.17-20.49.21:480][770]LogWindows: Error: [Callstack] 0x00007ffb6a85ab24 UE4Editor-UnrealEd.dll!UnknownFunction []
[2019.05.17-20.49.21:480][770]LogWindows: Error: [Callstack] 0x00007ffb6a872c7f UE4Editor-UnrealEd.dll!UnknownFunction []
[2019.05.17-20.49.21:480][770]LogWindows: Error: [Callstack] 0x00007ffb6a34fc4a UE4Editor-UnrealEd.dll!UnknownFunction []
[2019.05.17-20.49.21:480][770]LogWindows: Error: [Callstack] 0x00007ffb6ab6c836 UE4Editor-UnrealEd.dll!UnknownFunction []
[2019.05.17-20.49.21:480][770]LogWindows: Error: [Callstack] 0x00007ff77c046bb1 UE4Editor.exe!UnknownFunction []
[2019.05.17-20.49.21:481][770]LogWindows: Error: [Callstack] 0x00007ff77c05554c UE4Editor.exe!UnknownFunction []
[2019.05.17-20.49.21:481][770]LogWindows: Error: [Callstack] 0x00007ff77c0555ca UE4Editor.exe!UnknownFunction []
[2019.05.17-20.49.21:481][770]LogWindows: Error: [Callstack] 0x00007ff77c06316c UE4Editor.exe!UnknownFunction []
[2019.05.17-20.49.21:481][770]LogWindows: Error: [Callstack] 0x00007ff77c065b8e UE4Editor.exe!UnknownFunction []
[2019.05.17-20.49.21:481][770]LogWindows: Error: [Callstack] 0x00007ffbbf133034 KERNEL32.DLL!UnknownFunction []
[2019.05.17-20.49.21:481][770]LogWindows: Error: [Callstack] 0x00007ffbbf283691 ntdll.dll!UnknownFunction []
[2019.05.17-20.49.21:481][770]LogWindows: Error: 
[2019.05.17-20.49.21:503][770]LogExit: Executing StaticShutdownAfterError
[2019.05.17-20.49.21:505][770]LogWindows: FPlatformMisc::RequestExit(1)
[2019.05.17-20.49.21:516][770]Log file closed, 05/17/19 14:49:21
